Running: C:\Xilinx\13.4\ISE_DS\ISE\bin\nt64\unwrapped\fuse.exe -incremental work.system_tb work.glbl -prj system.prj -L xilinxcorelib_ver -L secureip -L unisims_ver -o isim_system.exe 
ISim O.87xd (signature 0xc3576ebc)
Number of CPUs detected in this system: 4
Turning on mult-threading, number of parallel sub-compilation jobs: 8 
Parsing VHDL file "C:/Xilinx/13.4/ISE_DS/EDK/hw/XilinxProcessorIPLib/pcores/proc_sys_reset_v3_00_a/hdl/vhdl/upcnt_n.vhd" into library proc_sys_reset_v3_00_a
Parsing VHDL file "C:/Xilinx/13.4/ISE_DS/EDK/hw/XilinxProcessorIPLib/pcores/proc_sys_reset_v3_00_a/hdl/vhdl/lpf.vhd" into library proc_sys_reset_v3_00_a
Parsing VHDL file "C:/Xilinx/13.4/ISE_DS/EDK/hw/XilinxProcessorIPLib/pcores/proc_sys_reset_v3_00_a/hdl/vhdl/sequence.vhd" into library proc_sys_reset_v3_00_a
Parsing VHDL file "C:/Xilinx/13.4/ISE_DS/EDK/hw/XilinxProcessorIPLib/pcores/proc_sys_reset_v3_00_a/hdl/vhdl/proc_sys_reset.vhd" into library proc_sys_reset_v3_00_a
Parsing VHDL file "C:/Xilinx/13.4/ISE_DS/EDK/hw/XilinxProcessorIPLib/pcores/lmb_v10_v2_00_b/hdl/vhdl/lmb_v10.vhd" into library lmb_v10_v2_00_b
Parsing VHDL file "C:/Xilinx/13.4/ISE_DS/EDK/hw/XilinxProcessorIPLib/pcores/lmb_bram_if_cntlr_v3_00_b/hdl/vhdl/lmb_bram_if_funcs.vhd" into library lmb_bram_if_cntlr_v3_00_b
Parsing VHDL file "C:/Xilinx/13.4/ISE_DS/EDK/hw/XilinxProcessorIPLib/pcores/lmb_bram_if_cntlr_v3_00_b/hdl/vhdl/xor18.vhd" into library lmb_bram_if_cntlr_v3_00_b
Parsing VHDL file "C:/Xilinx/13.4/ISE_DS/EDK/hw/XilinxProcessorIPLib/pcores/lmb_bram_if_cntlr_v3_00_b/hdl/vhdl/parity.vhd" into library lmb_bram_if_cntlr_v3_00_b
Parsing VHDL file "C:/Xilinx/13.4/ISE_DS/EDK/hw/XilinxProcessorIPLib/pcores/lmb_bram_if_cntlr_v3_00_b/hdl/vhdl/parityenable.vhd" into library lmb_bram_if_cntlr_v3_00_b
Parsing VHDL file "C:/Xilinx/13.4/ISE_DS/EDK/hw/XilinxProcessorIPLib/pcores/lmb_bram_if_cntlr_v3_00_b/hdl/vhdl/checkbit_handler.vhd" into library lmb_bram_if_cntlr_v3_00_b
Parsing VHDL file "C:/Xilinx/13.4/ISE_DS/EDK/hw/XilinxProcessorIPLib/pcores/lmb_bram_if_cntlr_v3_00_b/hdl/vhdl/correct_one_bit.vhd" into library lmb_bram_if_cntlr_v3_00_b
Parsing VHDL file "C:/Xilinx/13.4/ISE_DS/EDK/hw/XilinxProcessorIPLib/pcores/lmb_bram_if_cntlr_v3_00_b/hdl/vhdl/pselect.vhd" into library lmb_bram_if_cntlr_v3_00_b
Parsing VHDL file "C:/Xilinx/13.4/ISE_DS/EDK/hw/XilinxProcessorIPLib/pcores/lmb_bram_if_cntlr_v3_00_b/hdl/vhdl/pselect_mask.vhd" into library lmb_bram_if_cntlr_v3_00_b
Parsing VHDL file "C:/Xilinx/13.4/ISE_DS/EDK/hw/XilinxProcessorIPLib/pcores/lmb_bram_if_cntlr_v3_00_b/hdl/vhdl/plb_interface.vhd" into library lmb_bram_if_cntlr_v3_00_b
Parsing VHDL file "C:/Xilinx/13.4/ISE_DS/EDK/hw/XilinxProcessorIPLib/pcores/lmb_bram_if_cntlr_v3_00_b/hdl/vhdl/axi_interface.vhd" into library lmb_bram_if_cntlr_v3_00_b
Parsing VHDL file "C:/Xilinx/13.4/ISE_DS/EDK/hw/XilinxProcessorIPLib/pcores/lmb_bram_if_cntlr_v3_00_b/hdl/vhdl/lmb_bram_if_cntlr.vhd" into library lmb_bram_if_cntlr_v3_00_b
Parsing VHDL file "elaborate/microblaze_0_bram_block_elaborate_v1_00_a/hdl/vhdl/microblaze_0_bram_block_elaborate.vhd" into library microblaze_0_bram_block_elaborate_v1_00_a
Parsing VHDL file "C:/Xilinx/13.4/ISE_DS/EDK/hw/XilinxProcessorIPLib/pcores/microblaze_v8_20_b/hdl/vhdl/microblaze_types_pkg.vhd" into library microblaze_v8_20_b
Parsing VHDL file "C:/Xilinx/13.4/ISE_DS/EDK/hw/XilinxProcessorIPLib/pcores/microblaze_v8_20_b/hdl/vhdl/microblaze_types_pkg_body.vhd" into library microblaze_v8_20_b
Parsing VHDL file "C:/Xilinx/13.4/ISE_DS/EDK/hw/XilinxProcessorIPLib/pcores/microblaze_v8_20_b/hdl/vhdl/microblaze_isa_be_pkg.vhd" into library microblaze_v8_20_b
Parsing VHDL file "C:/Xilinx/13.4/ISE_DS/EDK/hw/XilinxProcessorIPLib/pcores/microblaze_v8_20_b/hdl/vhdl/microblaze_primitives.vhd" into library microblaze_v8_20_b
Parsing VHDL file "C:/Xilinx/13.4/ISE_DS/EDK/hw/XilinxProcessorIPLib/pcores/microblaze_v8_20_b/hdl/vhdl/mux_bus.vhd" into library microblaze_v8_20_b
Parsing VHDL file "C:/Xilinx/13.4/ISE_DS/EDK/hw/XilinxProcessorIPLib/pcores/microblaze_v8_20_b/hdl/vhdl/parity.vhd" into library microblaze_v8_20_b
Parsing VHDL file "C:/Xilinx/13.4/ISE_DS/EDK/hw/XilinxProcessorIPLib/pcores/microblaze_v8_20_b/hdl/vhdl/comparator.vhd" into library microblaze_v8_20_b
Parsing VHDL file "C:/Xilinx/13.4/ISE_DS/EDK/hw/XilinxProcessorIPLib/pcores/microblaze_v8_20_b/hdl/vhdl/carry_and.vhd" into library microblaze_v8_20_b
Parsing VHDL file "C:/Xilinx/13.4/ISE_DS/EDK/hw/XilinxProcessorIPLib/pcores/microblaze_v8_20_b/hdl/vhdl/carry_or.vhd" into library microblaze_v8_20_b
Parsing VHDL file "C:/Xilinx/13.4/ISE_DS/EDK/hw/XilinxProcessorIPLib/pcores/microblaze_v8_20_b/hdl/vhdl/carry_equal.vhd" into library microblaze_v8_20_b
Parsing VHDL file "C:/Xilinx/13.4/ISE_DS/EDK/hw/XilinxProcessorIPLib/pcores/microblaze_v8_20_b/hdl/vhdl/carry_compare.vhd" into library microblaze_v8_20_b
Parsing VHDL file "C:/Xilinx/13.4/ISE_DS/EDK/hw/XilinxProcessorIPLib/pcores/microblaze_v8_20_b/hdl/vhdl/carry_compare_mask.vhd" into library microblaze_v8_20_b
Parsing VHDL file "C:/Xilinx/13.4/ISE_DS/EDK/hw/XilinxProcessorIPLib/pcores/microblaze_v8_20_b/hdl/vhdl/carry_compare_const.vhd" into library microblaze_v8_20_b
Parsing VHDL file "C:/Xilinx/13.4/ISE_DS/EDK/hw/XilinxProcessorIPLib/pcores/microblaze_v8_20_b/hdl/vhdl/find_first_bit.vhd" into library microblaze_v8_20_b
Parsing VHDL file "C:/Xilinx/13.4/ISE_DS/EDK/hw/XilinxProcessorIPLib/pcores/microblaze_v8_20_b/hdl/vhdl/mux4_8.vhd" into library microblaze_v8_20_b
Parsing VHDL file "C:/Xilinx/13.4/ISE_DS/EDK/hw/XilinxProcessorIPLib/pcores/microblaze_v8_20_b/hdl/vhdl/mux4.vhd" into library microblaze_v8_20_b
Parsing VHDL file "C:/Xilinx/13.4/ISE_DS/EDK/hw/XilinxProcessorIPLib/pcores/microblaze_v8_20_b/hdl/vhdl/vec_mux.vhd" into library microblaze_v8_20_b
Parsing VHDL file "C:/Xilinx/13.4/ISE_DS/EDK/hw/XilinxProcessorIPLib/pcores/microblaze_v8_20_b/hdl/vhdl/gen_srlfifo.vhd" into library microblaze_v8_20_b
Parsing VHDL file "C:/Xilinx/13.4/ISE_DS/EDK/hw/XilinxProcessorIPLib/pcores/microblaze_v8_20_b/hdl/vhdl/alu_bit.vhd" into library microblaze_v8_20_b
Parsing VHDL file "C:/Xilinx/13.4/ISE_DS/EDK/hw/XilinxProcessorIPLib/pcores/microblaze_v8_20_b/hdl/vhdl/alu.vhd" into library microblaze_v8_20_b
Parsing VHDL file "C:/Xilinx/13.4/ISE_DS/EDK/hw/XilinxProcessorIPLib/pcores/microblaze_v8_20_b/hdl/vhdl/msr_reg_bit.vhd" into library microblaze_v8_20_b
Parsing VHDL file "C:/Xilinx/13.4/ISE_DS/EDK/hw/XilinxProcessorIPLib/pcores/microblaze_v8_20_b/hdl/vhdl/msr_reg.vhd" into library microblaze_v8_20_b
Parsing VHDL file "C:/Xilinx/13.4/ISE_DS/EDK/hw/XilinxProcessorIPLib/pcores/microblaze_v8_20_b/hdl/vhdl/msr_reg_gti.vhd" into library microblaze_v8_20_b
Parsing VHDL file "C:/Xilinx/13.4/ISE_DS/EDK/hw/XilinxProcessorIPLib/pcores/microblaze_v8_20_b/hdl/vhdl/dsp_module.vhd" into library microblaze_v8_20_b
Parsing VHDL file "C:/Xilinx/13.4/ISE_DS/EDK/hw/XilinxProcessorIPLib/pcores/microblaze_v8_20_b/hdl/vhdl/mul_unit.vhd" into library microblaze_v8_20_b
Parsing VHDL file "C:/Xilinx/13.4/ISE_DS/EDK/hw/XilinxProcessorIPLib/pcores/microblaze_v8_20_b/hdl/vhdl/div_unit.vhd" into library microblaze_v8_20_b
Parsing VHDL file "C:/Xilinx/13.4/ISE_DS/EDK/hw/XilinxProcessorIPLib/pcores/microblaze_v8_20_b/hdl/vhdl/div_unit_gti.vhd" into library microblaze_v8_20_b
Parsing VHDL file "C:/Xilinx/13.4/ISE_DS/EDK/hw/XilinxProcessorIPLib/pcores/microblaze_v8_20_b/hdl/vhdl/operand_select_bit.vhd" into library microblaze_v8_20_b
Parsing VHDL file "C:/Xilinx/13.4/ISE_DS/EDK/hw/XilinxProcessorIPLib/pcores/microblaze_v8_20_b/hdl/vhdl/operand_select.vhd" into library microblaze_v8_20_b
Parsing VHDL file "C:/Xilinx/13.4/ISE_DS/EDK/hw/XilinxProcessorIPLib/pcores/microblaze_v8_20_b/hdl/vhdl/operand_select_gti.vhd" into library microblaze_v8_20_b
Parsing VHDL file "C:/Xilinx/13.4/ISE_DS/EDK/hw/XilinxProcessorIPLib/pcores/microblaze_v8_20_b/hdl/vhdl/pc_bit.vhd" into library microblaze_v8_20_b
Parsing VHDL file "C:/Xilinx/13.4/ISE_DS/EDK/hw/XilinxProcessorIPLib/pcores/microblaze_v8_20_b/hdl/vhdl/pc_module.vhd" into library microblaze_v8_20_b
Parsing VHDL file "C:/Xilinx/13.4/ISE_DS/EDK/hw/XilinxProcessorIPLib/pcores/microblaze_v8_20_b/hdl/vhdl/pc_module_gti.vhd" into library microblaze_v8_20_b
Parsing VHDL file "C:/Xilinx/13.4/ISE_DS/EDK/hw/XilinxProcessorIPLib/pcores/microblaze_v8_20_b/hdl/vhdl/prefetch_buffer.vhd" into library microblaze_v8_20_b
Parsing VHDL file "C:/Xilinx/13.4/ISE_DS/EDK/hw/XilinxProcessorIPLib/pcores/microblaze_v8_20_b/hdl/vhdl/prefetch_buffer_gti.vhd" into library microblaze_v8_20_b
Parsing VHDL file "C:/Xilinx/13.4/ISE_DS/EDK/hw/XilinxProcessorIPLib/pcores/microblaze_v8_20_b/hdl/vhdl/register_file_bit.vhd" into library microblaze_v8_20_b
Parsing VHDL file "C:/Xilinx/13.4/ISE_DS/EDK/hw/XilinxProcessorIPLib/pcores/microblaze_v8_20_b/hdl/vhdl/register_file.vhd" into library microblaze_v8_20_b
Parsing VHDL file "C:/Xilinx/13.4/ISE_DS/EDK/hw/XilinxProcessorIPLib/pcores/microblaze_v8_20_b/hdl/vhdl/register_file_gti.vhd" into library microblaze_v8_20_b
Parsing VHDL file "C:/Xilinx/13.4/ISE_DS/EDK/hw/XilinxProcessorIPLib/pcores/microblaze_v8_20_b/hdl/vhdl/count_leading_zero.vhd" into library microblaze_v8_20_b
Parsing VHDL file "C:/Xilinx/13.4/ISE_DS/EDK/hw/XilinxProcessorIPLib/pcores/microblaze_v8_20_b/hdl/vhdl/shift_logic_bit.vhd" into library microblaze_v8_20_b
Parsing VHDL file "C:/Xilinx/13.4/ISE_DS/EDK/hw/XilinxProcessorIPLib/pcores/microblaze_v8_20_b/hdl/vhdl/shift_logic.vhd" into library microblaze_v8_20_b
Parsing VHDL file "C:/Xilinx/13.4/ISE_DS/EDK/hw/XilinxProcessorIPLib/pcores/microblaze_v8_20_b/hdl/vhdl/shift_logic_gti.vhd" into library microblaze_v8_20_b
Parsing VHDL file "C:/Xilinx/13.4/ISE_DS/EDK/hw/XilinxProcessorIPLib/pcores/microblaze_v8_20_b/hdl/vhdl/zero_detect.vhd" into library microblaze_v8_20_b
Parsing VHDL file "C:/Xilinx/13.4/ISE_DS/EDK/hw/XilinxProcessorIPLib/pcores/microblaze_v8_20_b/hdl/vhdl/zero_detect_gti.vhd" into library microblaze_v8_20_b
Parsing VHDL file "C:/Xilinx/13.4/ISE_DS/EDK/hw/XilinxProcessorIPLib/pcores/microblaze_v8_20_b/hdl/vhdl/barrel_shifter.vhd" into library microblaze_v8_20_b
Parsing VHDL file "C:/Xilinx/13.4/ISE_DS/EDK/hw/XilinxProcessorIPLib/pcores/microblaze_v8_20_b/hdl/vhdl/barrel_shifter_gti.vhd" into library microblaze_v8_20_b
Parsing VHDL file "C:/Xilinx/13.4/ISE_DS/EDK/hw/XilinxProcessorIPLib/pcores/microblaze_v8_20_b/hdl/vhdl/wb_mux_bit_gti.vhd" into library microblaze_v8_20_b
Parsing VHDL file "C:/Xilinx/13.4/ISE_DS/EDK/hw/XilinxProcessorIPLib/pcores/microblaze_v8_20_b/hdl/vhdl/wb_mux_gti.vhd" into library microblaze_v8_20_b
Parsing VHDL file "C:/Xilinx/13.4/ISE_DS/EDK/hw/XilinxProcessorIPLib/pcores/microblaze_v8_20_b/hdl/vhdl/data_read_steering.vhd" into library microblaze_v8_20_b
Parsing VHDL file "C:/Xilinx/13.4/ISE_DS/EDK/hw/XilinxProcessorIPLib/pcores/microblaze_v8_20_b/hdl/vhdl/byte_doublet_handle.vhd" into library microblaze_v8_20_b
Parsing VHDL file "C:/Xilinx/13.4/ISE_DS/EDK/hw/XilinxProcessorIPLib/pcores/microblaze_v8_20_b/hdl/vhdl/byte_doublet_handle_gti.vhd" into library microblaze_v8_20_b
Parsing VHDL file "C:/Xilinx/13.4/ISE_DS/EDK/hw/XilinxProcessorIPLib/pcores/microblaze_v8_20_b/hdl/vhdl/data_flow_logic_gti.vhd" into library microblaze_v8_20_b
Parsing VHDL file "C:/Xilinx/13.4/ISE_DS/EDK/hw/XilinxProcessorIPLib/pcores/microblaze_v8_20_b/hdl/vhdl/fsl_module.vhd" into library microblaze_v8_20_b
Parsing VHDL file "C:/Xilinx/13.4/ISE_DS/EDK/hw/XilinxProcessorIPLib/pcores/microblaze_v8_20_b/hdl/vhdl/streaming_axi.vhd" into library microblaze_v8_20_b
Parsing VHDL file "C:/Xilinx/13.4/ISE_DS/EDK/hw/XilinxProcessorIPLib/pcores/microblaze_v8_20_b/hdl/vhdl/exception_registers.vhd" into library microblaze_v8_20_b
Parsing VHDL file "C:/Xilinx/13.4/ISE_DS/EDK/hw/XilinxProcessorIPLib/pcores/microblaze_v8_20_b/hdl/vhdl/exception_registers_gti.vhd" into library microblaze_v8_20_b
Parsing VHDL file "C:/Xilinx/13.4/ISE_DS/EDK/hw/XilinxProcessorIPLib/pcores/microblaze_v8_20_b/hdl/vhdl/fpu_addsub.vhd" into library microblaze_v8_20_b
Parsing VHDL file "C:/Xilinx/13.4/ISE_DS/EDK/hw/XilinxProcessorIPLib/pcores/microblaze_v8_20_b/hdl/vhdl/fpu_div.vhd" into library microblaze_v8_20_b
Parsing VHDL file "C:/Xilinx/13.4/ISE_DS/EDK/hw/XilinxProcessorIPLib/pcores/microblaze_v8_20_b/hdl/vhdl/fpu_mul.vhd" into library microblaze_v8_20_b
Parsing VHDL file "C:/Xilinx/13.4/ISE_DS/EDK/hw/XilinxProcessorIPLib/pcores/microblaze_v8_20_b/hdl/vhdl/fpu_conv.vhd" into library microblaze_v8_20_b
Parsing VHDL file "C:/Xilinx/13.4/ISE_DS/EDK/hw/XilinxProcessorIPLib/pcores/microblaze_v8_20_b/hdl/vhdl/fpu_sqrt.vhd" into library microblaze_v8_20_b
Parsing VHDL file "C:/Xilinx/13.4/ISE_DS/EDK/hw/XilinxProcessorIPLib/pcores/microblaze_v8_20_b/hdl/vhdl/fpu.vhd" into library microblaze_v8_20_b
Parsing VHDL file "C:/Xilinx/13.4/ISE_DS/EDK/hw/XilinxProcessorIPLib/pcores/microblaze_v8_20_b/hdl/vhdl/pvr.vhd" into library microblaze_v8_20_b
Parsing VHDL file "C:/Xilinx/13.4/ISE_DS/EDK/hw/XilinxProcessorIPLib/pcores/microblaze_v8_20_b/hdl/vhdl/result_mux_bit.vhd" into library microblaze_v8_20_b
Parsing VHDL file "C:/Xilinx/13.4/ISE_DS/EDK/hw/XilinxProcessorIPLib/pcores/microblaze_v8_20_b/hdl/vhdl/result_mux.vhd" into library microblaze_v8_20_b
Parsing VHDL file "C:/Xilinx/13.4/ISE_DS/EDK/hw/XilinxProcessorIPLib/pcores/microblaze_v8_20_b/hdl/vhdl/stack_protection.vhd" into library microblaze_v8_20_b
Parsing VHDL file "C:/Xilinx/13.4/ISE_DS/EDK/hw/XilinxProcessorIPLib/pcores/microblaze_v8_20_b/hdl/vhdl/data_flow.vhd" into library microblaze_v8_20_b
Parsing VHDL file "C:/Xilinx/13.4/ISE_DS/EDK/hw/XilinxProcessorIPLib/pcores/microblaze_v8_20_b/hdl/vhdl/data_flow_gti.vhd" into library microblaze_v8_20_b
Parsing VHDL file "C:/Xilinx/13.4/ISE_DS/EDK/hw/XilinxProcessorIPLib/pcores/microblaze_v8_20_b/hdl/vhdl/jump_logic_gti.vhd" into library microblaze_v8_20_b
Parsing VHDL file "C:/Xilinx/13.4/ISE_DS/EDK/hw/XilinxProcessorIPLib/pcores/microblaze_v8_20_b/hdl/vhdl/decode.vhd" into library microblaze_v8_20_b
Parsing VHDL file "C:/Xilinx/13.4/ISE_DS/EDK/hw/XilinxProcessorIPLib/pcores/microblaze_v8_20_b/hdl/vhdl/decode_gti.vhd" into library microblaze_v8_20_b
Parsing VHDL file "C:/Xilinx/13.4/ISE_DS/EDK/hw/XilinxProcessorIPLib/pcores/microblaze_v8_20_b/hdl/vhdl/address_hit.vhd" into library microblaze_v8_20_b
Parsing VHDL file "C:/Xilinx/13.4/ISE_DS/EDK/hw/XilinxProcessorIPLib/pcores/microblaze_v8_20_b/hdl/vhdl/address_data_hit.vhd" into library microblaze_v8_20_b
Parsing VHDL file "C:/Xilinx/13.4/ISE_DS/EDK/hw/XilinxProcessorIPLib/pcores/microblaze_v8_20_b/hdl/vhdl/debug.vhd" into library microblaze_v8_20_b
Parsing VHDL file "C:/Xilinx/13.4/ISE_DS/EDK/hw/XilinxProcessorIPLib/pcores/microblaze_v8_20_b/hdl/vhdl/iplb_interface.vhd" into library microblaze_v8_20_b
Parsing VHDL file "C:/Xilinx/13.4/ISE_DS/EDK/hw/XilinxProcessorIPLib/pcores/microblaze_v8_20_b/hdl/vhdl/dplb_interface.vhd" into library microblaze_v8_20_b
Parsing VHDL file "C:/Xilinx/13.4/ISE_DS/EDK/hw/XilinxProcessorIPLib/pcores/microblaze_v8_20_b/hdl/vhdl/daxi_interface.vhd" into library microblaze_v8_20_b
Parsing VHDL file "C:/Xilinx/13.4/ISE_DS/EDK/hw/XilinxProcessorIPLib/pcores/microblaze_v8_20_b/hdl/vhdl/iaxi_interface.vhd" into library microblaze_v8_20_b
Parsing VHDL file "C:/Xilinx/13.4/ISE_DS/EDK/hw/XilinxProcessorIPLib/pcores/microblaze_v8_20_b/hdl/vhdl/ram_module.vhd" into library microblaze_v8_20_b
Parsing VHDL file "C:/Xilinx/13.4/ISE_DS/EDK/hw/XilinxProcessorIPLib/pcores/microblaze_v8_20_b/hdl/vhdl/victim_cache.vhd" into library microblaze_v8_20_b
Parsing VHDL file "C:/Xilinx/13.4/ISE_DS/EDK/hw/XilinxProcessorIPLib/pcores/microblaze_v8_20_b/hdl/vhdl/stream_cache.vhd" into library microblaze_v8_20_b
Parsing VHDL file "C:/Xilinx/13.4/ISE_DS/EDK/hw/XilinxProcessorIPLib/pcores/microblaze_v8_20_b/hdl/vhdl/cache_interface.vhd" into library microblaze_v8_20_b
Parsing VHDL file "C:/Xilinx/13.4/ISE_DS/EDK/hw/XilinxProcessorIPLib/pcores/microblaze_v8_20_b/hdl/vhdl/icache.vhd" into library microblaze_v8_20_b
Parsing VHDL file "C:/Xilinx/13.4/ISE_DS/EDK/hw/XilinxProcessorIPLib/pcores/microblaze_v8_20_b/hdl/vhdl/dcache.vhd" into library microblaze_v8_20_b
Parsing VHDL file "C:/Xilinx/13.4/ISE_DS/EDK/hw/XilinxProcessorIPLib/pcores/microblaze_v8_20_b/hdl/vhdl/dcache_gti.vhd" into library microblaze_v8_20_b
Parsing VHDL file "C:/Xilinx/13.4/ISE_DS/EDK/hw/XilinxProcessorIPLib/pcores/microblaze_v8_20_b/hdl/vhdl/cache_valid_bit_detect.vhd" into library microblaze_v8_20_b
Parsing VHDL file "C:/Xilinx/13.4/ISE_DS/EDK/hw/XilinxProcessorIPLib/pcores/microblaze_v8_20_b/hdl/vhdl/cachehit_detect.vhd" into library microblaze_v8_20_b
Parsing VHDL file "C:/Xilinx/13.4/ISE_DS/EDK/hw/XilinxProcessorIPLib/pcores/microblaze_v8_20_b/hdl/vhdl/dcache_wb.vhd" into library microblaze_v8_20_b
Parsing VHDL file "C:/Xilinx/13.4/ISE_DS/EDK/hw/XilinxProcessorIPLib/pcores/microblaze_v8_20_b/hdl/vhdl/instr_mux.vhd" into library microblaze_v8_20_b
Parsing VHDL file "C:/Xilinx/13.4/ISE_DS/EDK/hw/XilinxProcessorIPLib/pcores/microblaze_v8_20_b/hdl/vhdl/read_data_mux_gti.vhd" into library microblaze_v8_20_b
Parsing VHDL file "C:/Xilinx/13.4/ISE_DS/EDK/hw/XilinxProcessorIPLib/pcores/microblaze_v8_20_b/hdl/vhdl/interrupt_mode_converter.vhd" into library microblaze_v8_20_b
Parsing VHDL file "C:/Xilinx/13.4/ISE_DS/EDK/hw/XilinxProcessorIPLib/pcores/microblaze_v8_20_b/hdl/vhdl/mmu_types_pkg.vhd" into library microblaze_v8_20_b
Parsing VHDL file "C:/Xilinx/13.4/ISE_DS/EDK/hw/XilinxProcessorIPLib/pcores/microblaze_v8_20_b/hdl/vhdl/mmu_tlb.vhd" into library microblaze_v8_20_b
Parsing VHDL file "C:/Xilinx/13.4/ISE_DS/EDK/hw/XilinxProcessorIPLib/pcores/microblaze_v8_20_b/hdl/vhdl/mmu_utlb_ram.vhd" into library microblaze_v8_20_b
Parsing VHDL file "C:/Xilinx/13.4/ISE_DS/EDK/hw/XilinxProcessorIPLib/pcores/microblaze_v8_20_b/hdl/vhdl/mmu_utlb.vhd" into library microblaze_v8_20_b
Parsing VHDL file "C:/Xilinx/13.4/ISE_DS/EDK/hw/XilinxProcessorIPLib/pcores/microblaze_v8_20_b/hdl/vhdl/mmu.vhd" into library microblaze_v8_20_b
Parsing VHDL file "C:/Xilinx/13.4/ISE_DS/EDK/hw/XilinxProcessorIPLib/pcores/microblaze_v8_20_b/hdl/vhdl/microblaze_core.vhd" into library microblaze_v8_20_b
Parsing VHDL file "C:/Xilinx/13.4/ISE_DS/EDK/hw/XilinxProcessorIPLib/pcores/microblaze_v8_20_b/hdl/vhdl/microblaze.vhd" into library microblaze_v8_20_b
Parsing VHDL file "C:/Xilinx/13.4/ISE_DS/EDK/hw/XilinxProcessorIPLib/pcores/proc_common_v3_00_a/hdl/vhdl/pselect.vhd" into library proc_common_v3_00_a
Parsing VHDL file "C:/Xilinx/13.4/ISE_DS/EDK/hw/XilinxProcessorIPLib/pcores/proc_common_v3_00_a/hdl/vhdl/family_support.vhd" into library proc_common_v3_00_a
Parsing VHDL file "C:/Xilinx/13.4/ISE_DS/EDK/hw/XilinxProcessorIPLib/pcores/proc_common_v3_00_a/hdl/vhdl/proc_common_pkg.vhd" into library proc_common_v3_00_a
Parsing VHDL file "C:/Xilinx/13.4/ISE_DS/EDK/hw/XilinxProcessorIPLib/pcores/proc_common_v3_00_a/hdl/vhdl/ipif_pkg.vhd" into library proc_common_v3_00_a
Parsing VHDL file "C:/Xilinx/13.4/ISE_DS/EDK/hw/XilinxProcessorIPLib/pcores/proc_common_v3_00_a/hdl/vhdl/family.vhd" into library proc_common_v3_00_a
Parsing VHDL file "C:/Xilinx/13.4/ISE_DS/EDK/hw/XilinxProcessorIPLib/pcores/proc_common_v3_00_a/hdl/vhdl/coregen_comp_defs.vhd" into library proc_common_v3_00_a
Parsing VHDL file "C:/Xilinx/13.4/ISE_DS/EDK/hw/XilinxProcessorIPLib/pcores/proc_common_v3_00_a/hdl/vhdl/common_types_pkg.vhd" into library proc_common_v3_00_a
Parsing VHDL file "C:/Xilinx/13.4/ISE_DS/EDK/hw/XilinxProcessorIPLib/pcores/proc_common_v3_00_a/hdl/vhdl/conv_funs_pkg.vhd" into library proc_common_v3_00_a
Parsing VHDL file "C:/Xilinx/13.4/ISE_DS/EDK/hw/XilinxProcessorIPLib/pcores/proc_common_v3_00_a/hdl/vhdl/async_fifo_fg.vhd" into library proc_common_v3_00_a
Parsing VHDL file "C:/Xilinx/13.4/ISE_DS/EDK/hw/XilinxProcessorIPLib/pcores/proc_common_v3_00_a/hdl/vhdl/sync_fifo_fg.vhd" into library proc_common_v3_00_a
Parsing VHDL file "C:/Xilinx/13.4/ISE_DS/EDK/hw/XilinxProcessorIPLib/pcores/proc_common_v3_00_a/hdl/vhdl/basic_sfifo_fg.vhd" into library proc_common_v3_00_a
Parsing VHDL file "C:/Xilinx/13.4/ISE_DS/EDK/hw/XilinxProcessorIPLib/pcores/proc_common_v3_00_a/hdl/vhdl/blk_mem_gen_wrapper.vhd" into library proc_common_v3_00_a
Parsing VHDL file "C:/Xilinx/13.4/ISE_DS/EDK/hw/XilinxProcessorIPLib/pcores/proc_common_v3_00_a/hdl/vhdl/addsub.vhd" into library proc_common_v3_00_a
Parsing VHDL file "C:/Xilinx/13.4/ISE_DS/EDK/hw/XilinxProcessorIPLib/pcores/proc_common_v3_00_a/hdl/vhdl/counter_bit.vhd" into library proc_common_v3_00_a
Parsing VHDL file "C:/Xilinx/13.4/ISE_DS/EDK/hw/XilinxProcessorIPLib/pcores/proc_common_v3_00_a/hdl/vhdl/counter.vhd" into library proc_common_v3_00_a
Parsing VHDL file "C:/Xilinx/13.4/ISE_DS/EDK/hw/XilinxProcessorIPLib/pcores/proc_common_v3_00_a/hdl/vhdl/direct_path_cntr.vhd" into library proc_common_v3_00_a
Parsing VHDL file "C:/Xilinx/13.4/ISE_DS/EDK/hw/XilinxProcessorIPLib/pcores/proc_common_v3_00_a/hdl/vhdl/direct_path_cntr_ai.vhd" into library proc_common_v3_00_a
Parsing VHDL file "C:/Xilinx/13.4/ISE_DS/EDK/hw/XilinxProcessorIPLib/pcores/proc_common_v3_00_a/hdl/vhdl/down_counter.vhd" into library proc_common_v3_00_a
Parsing VHDL file "C:/Xilinx/13.4/ISE_DS/EDK/hw/XilinxProcessorIPLib/pcores/proc_common_v3_00_a/hdl/vhdl/eval_timer.vhd" into library proc_common_v3_00_a
Parsing VHDL file "C:/Xilinx/13.4/ISE_DS/EDK/hw/XilinxProcessorIPLib/pcores/proc_common_v3_00_a/hdl/vhdl/inferred_lut4.vhd" into library proc_common_v3_00_a
Parsing VHDL file "C:/Xilinx/13.4/ISE_DS/EDK/hw/XilinxProcessorIPLib/pcores/proc_common_v3_00_a/hdl/vhdl/ipif_steer.vhd" into library proc_common_v3_00_a
Parsing VHDL file "C:/Xilinx/13.4/ISE_DS/EDK/hw/XilinxProcessorIPLib/pcores/proc_common_v3_00_a/hdl/vhdl/ipif_steer128.vhd" into library proc_common_v3_00_a
Parsing VHDL file "C:/Xilinx/13.4/ISE_DS/EDK/hw/XilinxProcessorIPLib/pcores/proc_common_v3_00_a/hdl/vhdl/ipif_mirror128.vhd" into library proc_common_v3_00_a
Parsing VHDL file "C:/Xilinx/13.4/ISE_DS/EDK/hw/XilinxProcessorIPLib/pcores/proc_common_v3_00_a/hdl/vhdl/ld_arith_reg.vhd" into library proc_common_v3_00_a
Parsing VHDL file "C:/Xilinx/13.4/ISE_DS/EDK/hw/XilinxProcessorIPLib/pcores/proc_common_v3_00_a/hdl/vhdl/ld_arith_reg2.vhd" into library proc_common_v3_00_a
Parsing VHDL file "C:/Xilinx/13.4/ISE_DS/EDK/hw/XilinxProcessorIPLib/pcores/proc_common_v3_00_a/hdl/vhdl/mux_onehot.vhd" into library proc_common_v3_00_a
Parsing VHDL file "C:/Xilinx/13.4/ISE_DS/EDK/hw/XilinxProcessorIPLib/pcores/proc_common_v3_00_a/hdl/vhdl/or_bits.vhd" into library proc_common_v3_00_a
Parsing VHDL file "C:/Xilinx/13.4/ISE_DS/EDK/hw/XilinxProcessorIPLib/pcores/proc_common_v3_00_a/hdl/vhdl/or_muxcy.vhd" into library proc_common_v3_00_a
Parsing VHDL file "C:/Xilinx/13.4/ISE_DS/EDK/hw/XilinxProcessorIPLib/pcores/proc_common_v3_00_a/hdl/vhdl/or_gate.vhd" into library proc_common_v3_00_a
Parsing VHDL file "C:/Xilinx/13.4/ISE_DS/EDK/hw/XilinxProcessorIPLib/pcores/proc_common_v3_00_a/hdl/vhdl/or_gate128.vhd" into library proc_common_v3_00_a
Parsing VHDL file "C:/Xilinx/13.4/ISE_DS/EDK/hw/XilinxProcessorIPLib/pcores/proc_common_v3_00_a/hdl/vhdl/pf_adder_bit.vhd" into library proc_common_v3_00_a
Parsing VHDL file "C:/Xilinx/13.4/ISE_DS/EDK/hw/XilinxProcessorIPLib/pcores/proc_common_v3_00_a/hdl/vhdl/pf_adder.vhd" into library proc_common_v3_00_a
Parsing VHDL file "C:/Xilinx/13.4/ISE_DS/EDK/hw/XilinxProcessorIPLib/pcores/proc_common_v3_00_a/hdl/vhdl/pf_counter_bit.vhd" into library proc_common_v3_00_a
Parsing VHDL file "C:/Xilinx/13.4/ISE_DS/EDK/hw/XilinxProcessorIPLib/pcores/proc_common_v3_00_a/hdl/vhdl/pf_counter.vhd" into library proc_common_v3_00_a
Parsing VHDL file "C:/Xilinx/13.4/ISE_DS/EDK/hw/XilinxProcessorIPLib/pcores/proc_common_v3_00_a/hdl/vhdl/pf_counter_top.vhd" into library proc_common_v3_00_a
Parsing VHDL file "C:/Xilinx/13.4/ISE_DS/EDK/hw/XilinxProcessorIPLib/pcores/proc_common_v3_00_a/hdl/vhdl/pf_occ_counter.vhd" into library proc_common_v3_00_a
Parsing VHDL file "C:/Xilinx/13.4/ISE_DS/EDK/hw/XilinxProcessorIPLib/pcores/proc_common_v3_00_a/hdl/vhdl/pf_occ_counter_top.vhd" into library proc_common_v3_00_a
Parsing VHDL file "C:/Xilinx/13.4/ISE_DS/EDK/hw/XilinxProcessorIPLib/pcores/proc_common_v3_00_a/hdl/vhdl/pf_dpram_select.vhd" into library proc_common_v3_00_a
Parsing VHDL file "C:/Xilinx/13.4/ISE_DS/EDK/hw/XilinxProcessorIPLib/pcores/proc_common_v3_00_a/hdl/vhdl/pselect_mask.vhd" into library proc_common_v3_00_a
Parsing VHDL file "C:/Xilinx/13.4/ISE_DS/EDK/hw/XilinxProcessorIPLib/pcores/proc_common_v3_00_a/hdl/vhdl/srl16_fifo.vhd" into library proc_common_v3_00_a
Parsing VHDL file "C:/Xilinx/13.4/ISE_DS/EDK/hw/XilinxProcessorIPLib/pcores/proc_common_v3_00_a/hdl/vhdl/srl_fifo.vhd" into library proc_common_v3_00_a
Parsing VHDL file "C:/Xilinx/13.4/ISE_DS/EDK/hw/XilinxProcessorIPLib/pcores/proc_common_v3_00_a/hdl/vhdl/srl_fifo2.vhd" into library proc_common_v3_00_a
Parsing VHDL file "C:/Xilinx/13.4/ISE_DS/EDK/hw/XilinxProcessorIPLib/pcores/proc_common_v3_00_a/hdl/vhdl/srl_fifo3.vhd" into library proc_common_v3_00_a
Parsing VHDL file "C:/Xilinx/13.4/ISE_DS/EDK/hw/XilinxProcessorIPLib/pcores/proc_common_v3_00_a/hdl/vhdl/srl_fifo_rbu.vhd" into library proc_common_v3_00_a
Parsing VHDL file "C:/Xilinx/13.4/ISE_DS/EDK/hw/XilinxProcessorIPLib/pcores/proc_common_v3_00_a/hdl/vhdl/valid_be.vhd" into library proc_common_v3_00_a
Parsing VHDL file "C:/Xilinx/13.4/ISE_DS/EDK/hw/XilinxProcessorIPLib/pcores/proc_common_v3_00_a/hdl/vhdl/or_with_enable_f.vhd" into library proc_common_v3_00_a
Parsing VHDL file "C:/Xilinx/13.4/ISE_DS/EDK/hw/XilinxProcessorIPLib/pcores/proc_common_v3_00_a/hdl/vhdl/muxf_struct_f.vhd" into library proc_common_v3_00_a
Parsing VHDL file "C:/Xilinx/13.4/ISE_DS/EDK/hw/XilinxProcessorIPLib/pcores/proc_common_v3_00_a/hdl/vhdl/cntr_incr_decr_addn_f.vhd" into library proc_common_v3_00_a
Parsing VHDL file "C:/Xilinx/13.4/ISE_DS/EDK/hw/XilinxProcessorIPLib/pcores/proc_common_v3_00_a/hdl/vhdl/dynshreg_f.vhd" into library proc_common_v3_00_a
Parsing VHDL file "C:/Xilinx/13.4/ISE_DS/EDK/hw/XilinxProcessorIPLib/pcores/proc_common_v3_00_a/hdl/vhdl/dynshreg_i_f.vhd" into library proc_common_v3_00_a
Parsing VHDL file "C:/Xilinx/13.4/ISE_DS/EDK/hw/XilinxProcessorIPLib/pcores/proc_common_v3_00_a/hdl/vhdl/mux_onehot_f.vhd" into library proc_common_v3_00_a
Parsing VHDL file "C:/Xilinx/13.4/ISE_DS/EDK/hw/XilinxProcessorIPLib/pcores/proc_common_v3_00_a/hdl/vhdl/srl_fifo_rbu_f.vhd" into library proc_common_v3_00_a
Parsing VHDL file "C:/Xilinx/13.4/ISE_DS/EDK/hw/XilinxProcessorIPLib/pcores/proc_common_v3_00_a/hdl/vhdl/srl_fifo_f.vhd" into library proc_common_v3_00_a
Parsing VHDL file "C:/Xilinx/13.4/ISE_DS/EDK/hw/XilinxProcessorIPLib/pcores/proc_common_v3_00_a/hdl/vhdl/compare_vectors_f.vhd" into library proc_common_v3_00_a
Parsing VHDL file "C:/Xilinx/13.4/ISE_DS/EDK/hw/XilinxProcessorIPLib/pcores/proc_common_v3_00_a/hdl/vhdl/pselect_f.vhd" into library proc_common_v3_00_a
Parsing VHDL file "C:/Xilinx/13.4/ISE_DS/EDK/hw/XilinxProcessorIPLib/pcores/proc_common_v3_00_a/hdl/vhdl/counter_f.vhd" into library proc_common_v3_00_a
Parsing VHDL file "C:/Xilinx/13.4/ISE_DS/EDK/hw/XilinxProcessorIPLib/pcores/proc_common_v3_00_a/hdl/vhdl/or_muxcy_f.vhd" into library proc_common_v3_00_a
Parsing VHDL file "C:/Xilinx/13.4/ISE_DS/EDK/hw/XilinxProcessorIPLib/pcores/proc_common_v3_00_a/hdl/vhdl/or_gate_f.vhd" into library proc_common_v3_00_a
Parsing VHDL file "C:/Xilinx/13.4/ISE_DS/EDK/hw/XilinxProcessorIPLib/pcores/proc_common_v3_00_a/hdl/vhdl/soft_reset.vhd" into library proc_common_v3_00_a
Parsing VHDL file "C:/Xilinx/13.4/ISE_DS/EDK/hw/XilinxProcessorIPLib/pcores/axi_lite_ipif_v1_01_a/hdl/vhdl/address_decoder.vhd" into library axi_lite_ipif_v1_01_a
Parsing VHDL file "C:/Xilinx/13.4/ISE_DS/EDK/hw/XilinxProcessorIPLib/pcores/axi_lite_ipif_v1_01_a/hdl/vhdl/slave_attachment.vhd" into library axi_lite_ipif_v1_01_a
Parsing VHDL file "C:/Xilinx/13.4/ISE_DS/EDK/hw/XilinxProcessorIPLib/pcores/axi_lite_ipif_v1_01_a/hdl/vhdl/axi_lite_ipif.vhd" into library axi_lite_ipif_v1_01_a
Parsing VHDL file "C:/Xilinx/13.4/ISE_DS/EDK/hw/XilinxProcessorIPLib/pcores/mdm_v2_00_b/hdl/vhdl/srl_fifo.vhd" into library mdm_v2_00_b
Parsing VHDL file "C:/Xilinx/13.4/ISE_DS/EDK/hw/XilinxProcessorIPLib/pcores/mdm_v2_00_b/hdl/vhdl/jtag_control.vhd" into library mdm_v2_00_b
Parsing VHDL file "C:/Xilinx/13.4/ISE_DS/EDK/hw/XilinxProcessorIPLib/pcores/mdm_v2_00_b/hdl/vhdl/mdm_core.vhd" into library mdm_v2_00_b
Parsing VHDL file "C:/Xilinx/13.4/ISE_DS/EDK/hw/XilinxProcessorIPLib/pcores/mdm_v2_00_b/hdl/vhdl/mdm.vhd" into library mdm_v2_00_b
Parsing VHDL file "C:/Xilinx/13.4/ISE_DS/EDK/hw/XilinxProcessorIPLib/pcores/clock_generator_v4_03_a/hdl/vhdl/dcm_module.vhd" into library clock_generator_v4_03_a
Parsing VHDL file "C:/Xilinx/13.4/ISE_DS/EDK/hw/XilinxProcessorIPLib/pcores/clock_generator_v4_03_a/hdl/vhdl/pll_module.vhd" into library clock_generator_v4_03_a
Parsing VHDL file "C:/Xilinx/13.4/ISE_DS/EDK/hw/XilinxProcessorIPLib/pcores/clock_generator_v4_03_a/hdl/vhdl/mmcm_module.vhd" into library clock_generator_v4_03_a
Parsing VHDL file "C:/Xilinx/13.4/ISE_DS/EDK/hw/XilinxProcessorIPLib/pcores/clock_generator_v4_03_a/hdl/vhdl/plle2_module.vhd" into library clock_generator_v4_03_a
Parsing VHDL file "elaborate/clock_generator_0_v4_03_a/hdl/vhdl/clock_generator.vhd" into library clock_generator_0_v4_03_a
Parsing VHDL file "C:/Xilinx/13.4/ISE_DS/EDK/hw/XilinxProcessorIPLib/pcores/axi_datamover_v3_00_a/hdl/vhdl/axi_datamover_reset.vhd" into library axi_datamover_v3_00_a
Parsing VHDL file "C:/Xilinx/13.4/ISE_DS/EDK/hw/XilinxProcessorIPLib/pcores/axi_datamover_v3_00_a/hdl/vhdl/axi_datamover_afifo_autord.vhd" into library axi_datamover_v3_00_a
Parsing VHDL file "C:/Xilinx/13.4/ISE_DS/EDK/hw/XilinxProcessorIPLib/pcores/axi_datamover_v3_00_a/hdl/vhdl/axi_datamover_sfifo_autord.vhd" into library axi_datamover_v3_00_a
Parsing VHDL file "C:/Xilinx/13.4/ISE_DS/EDK/hw/XilinxProcessorIPLib/pcores/axi_datamover_v3_00_a/hdl/vhdl/axi_datamover_fifo.vhd" into library axi_datamover_v3_00_a
Parsing VHDL file "C:/Xilinx/13.4/ISE_DS/EDK/hw/XilinxProcessorIPLib/pcores/axi_datamover_v3_00_a/hdl/vhdl/axi_datamover_cmd_status.vhd" into library axi_datamover_v3_00_a
Parsing VHDL file "C:/Xilinx/13.4/ISE_DS/EDK/hw/XilinxProcessorIPLib/pcores/axi_datamover_v3_00_a/hdl/vhdl/axi_datamover_scc.vhd" into library axi_datamover_v3_00_a
Parsing VHDL file "C:/Xilinx/13.4/ISE_DS/EDK/hw/XilinxProcessorIPLib/pcores/axi_datamover_v3_00_a/hdl/vhdl/axi_datamover_strb_gen2.vhd" into library axi_datamover_v3_00_a
Parsing VHDL file "C:/Xilinx/13.4/ISE_DS/EDK/hw/XilinxProcessorIPLib/pcores/axi_datamover_v3_00_a/hdl/vhdl/axi_datamover_pcc.vhd" into library axi_datamover_v3_00_a
Parsing VHDL file "C:/Xilinx/13.4/ISE_DS/EDK/hw/XilinxProcessorIPLib/pcores/axi_datamover_v3_00_a/hdl/vhdl/axi_datamover_addr_cntl.vhd" into library axi_datamover_v3_00_a
Parsing VHDL file "C:/Xilinx/13.4/ISE_DS/EDK/hw/XilinxProcessorIPLib/pcores/axi_datamover_v3_00_a/hdl/vhdl/axi_datamover_rdmux.vhd" into library axi_datamover_v3_00_a
Parsing VHDL file "C:/Xilinx/13.4/ISE_DS/EDK/hw/XilinxProcessorIPLib/pcores/axi_datamover_v3_00_a/hdl/vhdl/axi_datamover_rddata_cntl.vhd" into library axi_datamover_v3_00_a
Parsing VHDL file "C:/Xilinx/13.4/ISE_DS/EDK/hw/XilinxProcessorIPLib/pcores/axi_datamover_v3_00_a/hdl/vhdl/axi_datamover_rd_status_cntl.vhd" into library axi_datamover_v3_00_a
Parsing VHDL file "C:/Xilinx/13.4/ISE_DS/EDK/hw/XilinxProcessorIPLib/pcores/axi_datamover_v3_00_a/hdl/vhdl/axi_datamover_wr_demux.vhd" into library axi_datamover_v3_00_a
Parsing VHDL file "C:/Xilinx/13.4/ISE_DS/EDK/hw/XilinxProcessorIPLib/pcores/axi_datamover_v3_00_a/hdl/vhdl/axi_datamover_wrdata_cntl.vhd" into library axi_datamover_v3_00_a
Parsing VHDL file "C:/Xilinx/13.4/ISE_DS/EDK/hw/XilinxProcessorIPLib/pcores/axi_datamover_v3_00_a/hdl/vhdl/axi_datamover_wr_status_cntl.vhd" into library axi_datamover_v3_00_a
Parsing VHDL file "C:/Xilinx/13.4/ISE_DS/EDK/hw/XilinxProcessorIPLib/pcores/axi_datamover_v3_00_a/hdl/vhdl/axi_datamover_skid2mm_buf.vhd" into library axi_datamover_v3_00_a
Parsing VHDL file "C:/Xilinx/13.4/ISE_DS/EDK/hw/XilinxProcessorIPLib/pcores/axi_datamover_v3_00_a/hdl/vhdl/axi_datamover_skid_buf.vhd" into library axi_datamover_v3_00_a
Parsing VHDL file "C:/Xilinx/13.4/ISE_DS/EDK/hw/XilinxProcessorIPLib/pcores/axi_datamover_v3_00_a/hdl/vhdl/axi_datamover_rd_sf.vhd" into library axi_datamover_v3_00_a
Parsing VHDL file "C:/Xilinx/13.4/ISE_DS/EDK/hw/XilinxProcessorIPLib/pcores/axi_datamover_v3_00_a/hdl/vhdl/axi_datamover_wr_sf.vhd" into library axi_datamover_v3_00_a
Parsing VHDL file "C:/Xilinx/13.4/ISE_DS/EDK/hw/XilinxProcessorIPLib/pcores/axi_datamover_v3_00_a/hdl/vhdl/axi_datamover_stbs_set.vhd" into library axi_datamover_v3_00_a
Parsing VHDL file "C:/Xilinx/13.4/ISE_DS/EDK/hw/XilinxProcessorIPLib/pcores/axi_datamover_v3_00_a/hdl/vhdl/axi_datamover_ibttcc.vhd" into library axi_datamover_v3_00_a
Parsing VHDL file "C:/Xilinx/13.4/ISE_DS/EDK/hw/XilinxProcessorIPLib/pcores/axi_datamover_v3_00_a/hdl/vhdl/axi_datamover_indet_btt.vhd" into library axi_datamover_v3_00_a
Parsing VHDL file "C:/Xilinx/13.4/ISE_DS/EDK/hw/XilinxProcessorIPLib/pcores/axi_datamover_v3_00_a/hdl/vhdl/axi_datamover_dre_mux2_1_x_n.vhd" into library axi_datamover_v3_00_a
Parsing VHDL file "C:/Xilinx/13.4/ISE_DS/EDK/hw/XilinxProcessorIPLib/pcores/axi_datamover_v3_00_a/hdl/vhdl/axi_datamover_dre_mux4_1_x_n.vhd" into library axi_datamover_v3_00_a
Parsing VHDL file "C:/Xilinx/13.4/ISE_DS/EDK/hw/XilinxProcessorIPLib/pcores/axi_datamover_v3_00_a/hdl/vhdl/axi_datamover_dre_mux8_1_x_n.vhd" into library axi_datamover_v3_00_a
Parsing VHDL file "C:/Xilinx/13.4/ISE_DS/EDK/hw/XilinxProcessorIPLib/pcores/axi_datamover_v3_00_a/hdl/vhdl/axi_datamover_mm2s_dre.vhd" into library axi_datamover_v3_00_a
Parsing VHDL file "C:/Xilinx/13.4/ISE_DS/EDK/hw/XilinxProcessorIPLib/pcores/axi_datamover_v3_00_a/hdl/vhdl/axi_datamover_s2mm_dre.vhd" into library axi_datamover_v3_00_a
Parsing VHDL file "C:/Xilinx/13.4/ISE_DS/EDK/hw/XilinxProcessorIPLib/pcores/axi_datamover_v3_00_a/hdl/vhdl/axi_datamover_ms_strb_set.vhd" into library axi_datamover_v3_00_a
Parsing VHDL file "C:/Xilinx/13.4/ISE_DS/EDK/hw/XilinxProcessorIPLib/pcores/axi_datamover_v3_00_a/hdl/vhdl/axi_datamover_mssai_skid_buf.vhd" into library axi_datamover_v3_00_a
Parsing VHDL file "C:/Xilinx/13.4/ISE_DS/EDK/hw/XilinxProcessorIPLib/pcores/axi_datamover_v3_00_a/hdl/vhdl/axi_datamover_s2mm_scatter.vhd" into library axi_datamover_v3_00_a
Parsing VHDL file "C:/Xilinx/13.4/ISE_DS/EDK/hw/XilinxProcessorIPLib/pcores/axi_datamover_v3_00_a/hdl/vhdl/axi_datamover_s2mm_realign.vhd" into library axi_datamover_v3_00_a
Parsing VHDL file "C:/Xilinx/13.4/ISE_DS/EDK/hw/XilinxProcessorIPLib/pcores/axi_datamover_v3_00_a/hdl/vhdl/axi_datamover_s2mm_basic_wrap.vhd" into library axi_datamover_v3_00_a
Parsing VHDL file "C:/Xilinx/13.4/ISE_DS/EDK/hw/XilinxProcessorIPLib/pcores/axi_datamover_v3_00_a/hdl/vhdl/axi_datamover_s2mm_omit_wrap.vhd" into library axi_datamover_v3_00_a
Parsing VHDL file "C:/Xilinx/13.4/ISE_DS/EDK/hw/XilinxProcessorIPLib/pcores/axi_datamover_v3_00_a/hdl/vhdl/axi_datamover_s2mm_full_wrap.vhd" into library axi_datamover_v3_00_a
Parsing VHDL file "C:/Xilinx/13.4/ISE_DS/EDK/hw/XilinxProcessorIPLib/pcores/axi_datamover_v3_00_a/hdl/vhdl/axi_datamover_mm2s_basic_wrap.vhd" into library axi_datamover_v3_00_a
Parsing VHDL file "C:/Xilinx/13.4/ISE_DS/EDK/hw/XilinxProcessorIPLib/pcores/axi_datamover_v3_00_a/hdl/vhdl/axi_datamover_mm2s_omit_wrap.vhd" into library axi_datamover_v3_00_a
Parsing VHDL file "C:/Xilinx/13.4/ISE_DS/EDK/hw/XilinxProcessorIPLib/pcores/axi_datamover_v3_00_a/hdl/vhdl/axi_datamover_mm2s_full_wrap.vhd" into library axi_datamover_v3_00_a
Parsing VHDL file "C:/Xilinx/13.4/ISE_DS/EDK/hw/XilinxProcessorIPLib/pcores/axi_datamover_v3_00_a/hdl/vhdl/axi_datamover.vhd" into library axi_datamover_v3_00_a
Parsing VHDL file "C:/Xilinx/13.4/ISE_DS/EDK/hw/XilinxProcessorIPLib/pcores/axi_sg_v3_00_a/hdl/vhdl/axi_sg_pkg.vhd" into library axi_sg_v3_00_a
Parsing VHDL file "C:/Xilinx/13.4/ISE_DS/EDK/hw/XilinxProcessorIPLib/pcores/axi_sg_v3_00_a/hdl/vhdl/axi_sg_ftch_sm.vhd" into library axi_sg_v3_00_a
Parsing VHDL file "C:/Xilinx/13.4/ISE_DS/EDK/hw/XilinxProcessorIPLib/pcores/axi_sg_v3_00_a/hdl/vhdl/axi_sg_ftch_pntr.vhd" into library axi_sg_v3_00_a
Parsing VHDL file "C:/Xilinx/13.4/ISE_DS/EDK/hw/XilinxProcessorIPLib/pcores/axi_sg_v3_00_a/hdl/vhdl/axi_sg_ftch_cmdsts_if.vhd" into library axi_sg_v3_00_a
Parsing VHDL file "C:/Xilinx/13.4/ISE_DS/EDK/hw/XilinxProcessorIPLib/pcores/axi_sg_v3_00_a/hdl/vhdl/axi_sg_ftch_mngr.vhd" into library axi_sg_v3_00_a
Parsing VHDL file "C:/Xilinx/13.4/ISE_DS/EDK/hw/XilinxProcessorIPLib/pcores/axi_sg_v3_00_a/hdl/vhdl/axi_sg_afifo_autord.vhd" into library axi_sg_v3_00_a
Parsing VHDL file "C:/Xilinx/13.4/ISE_DS/EDK/hw/XilinxProcessorIPLib/pcores/axi_sg_v3_00_a/hdl/vhdl/axi_sg_ftch_queue.vhd" into library axi_sg_v3_00_a
Parsing VHDL file "C:/Xilinx/13.4/ISE_DS/EDK/hw/XilinxProcessorIPLib/pcores/axi_sg_v3_00_a/hdl/vhdl/axi_sg_ftch_noqueue.vhd" into library axi_sg_v3_00_a
Parsing VHDL file "C:/Xilinx/13.4/ISE_DS/EDK/hw/XilinxProcessorIPLib/pcores/axi_sg_v3_00_a/hdl/vhdl/axi_sg_ftch_q_mngr.vhd" into library axi_sg_v3_00_a
Parsing VHDL file "C:/Xilinx/13.4/ISE_DS/EDK/hw/XilinxProcessorIPLib/pcores/axi_sg_v3_00_a/hdl/vhdl/axi_sg_updt_cmdsts_if.vhd" into library axi_sg_v3_00_a
Parsing VHDL file "C:/Xilinx/13.4/ISE_DS/EDK/hw/XilinxProcessorIPLib/pcores/axi_sg_v3_00_a/hdl/vhdl/axi_sg_updt_sm.vhd" into library axi_sg_v3_00_a
Parsing VHDL file "C:/Xilinx/13.4/ISE_DS/EDK/hw/XilinxProcessorIPLib/pcores/axi_sg_v3_00_a/hdl/vhdl/axi_sg_updt_mngr.vhd" into library axi_sg_v3_00_a
Parsing VHDL file "C:/Xilinx/13.4/ISE_DS/EDK/hw/XilinxProcessorIPLib/pcores/axi_sg_v3_00_a/hdl/vhdl/axi_sg_updt_queue.vhd" into library axi_sg_v3_00_a
Parsing VHDL file "C:/Xilinx/13.4/ISE_DS/EDK/hw/XilinxProcessorIPLib/pcores/axi_sg_v3_00_a/hdl/vhdl/axi_sg_updt_noqueue.vhd" into library axi_sg_v3_00_a
Parsing VHDL file "C:/Xilinx/13.4/ISE_DS/EDK/hw/XilinxProcessorIPLib/pcores/axi_sg_v3_00_a/hdl/vhdl/axi_sg_updt_q_mngr.vhd" into library axi_sg_v3_00_a
Parsing VHDL file "C:/Xilinx/13.4/ISE_DS/EDK/hw/XilinxProcessorIPLib/pcores/axi_sg_v3_00_a/hdl/vhdl/axi_sg_intrpt.vhd" into library axi_sg_v3_00_a
Parsing VHDL file "C:/Xilinx/13.4/ISE_DS/EDK/hw/XilinxProcessorIPLib/pcores/axi_sg_v3_00_a/hdl/vhdl/axi_sg.vhd" into library axi_sg_v3_00_a
Analyzing Verilog file "C:/Xilinx/13.4/ISE_DS/EDK/hw/XilinxProcessorIPLib/pcores/axi_vdma_v5_00_a/hdl/verilog/util_axis2vector.v" into library axi_vdma_v5_00_a
Analyzing Verilog file "C:/Xilinx/13.4/ISE_DS/EDK/hw/XilinxProcessorIPLib/pcores/axi_vdma_v5_00_a/hdl/verilog/util_vector2axis.v" into library axi_vdma_v5_00_a
Analyzing Verilog file "C:/Xilinx/13.4/ISE_DS/EDK/hw/XilinxProcessorIPLib/pcores/axi_vdma_v5_00_a/hdl/verilog/axisc_register_slice.v" into library axi_vdma_v5_00_a
Analyzing Verilog file "C:/Xilinx/13.4/ISE_DS/EDK/hw/XilinxProcessorIPLib/pcores/axi_vdma_v5_00_a/hdl/verilog/axis_register_slice.v" into library axi_vdma_v5_00_a
Analyzing Verilog file "C:/Xilinx/13.4/ISE_DS/EDK/hw/XilinxProcessorIPLib/pcores/axi_vdma_v5_00_a/hdl/verilog/axisc_upsizer.v" into library axi_vdma_v5_00_a
Analyzing Verilog file "C:/Xilinx/13.4/ISE_DS/EDK/hw/XilinxProcessorIPLib/pcores/axi_vdma_v5_00_a/hdl/verilog/axisc_downsizer.v" into library axi_vdma_v5_00_a
WARNING:HDLCompiler:248 - "C:/Xilinx/13.4/ISE_DS/EDK/hw/XilinxProcessorIPLib/pcores/axi_vdma_v5_00_a/hdl/verilog/axisc_downsizer.v" Line 455: Block identifier is required on this block
Analyzing Verilog file "C:/Xilinx/13.4/ISE_DS/EDK/hw/XilinxProcessorIPLib/pcores/axi_vdma_v5_00_a/hdl/verilog/axis_dwidth_converter.v" into library axi_vdma_v5_00_a
Parsing VHDL file "C:/Xilinx/13.4/ISE_DS/EDK/hw/XilinxProcessorIPLib/pcores/axi_vdma_v5_00_a/hdl/vhdl/axi_vdma_pkg.vhd" into library axi_vdma_v5_00_a
Parsing VHDL file "C:/Xilinx/13.4/ISE_DS/EDK/hw/XilinxProcessorIPLib/pcores/axi_vdma_v5_00_a/hdl/vhdl/axi_vdma_cdc.vhd" into library axi_vdma_v5_00_a
Parsing VHDL file "C:/Xilinx/13.4/ISE_DS/EDK/hw/XilinxProcessorIPLib/pcores/axi_vdma_v5_00_a/hdl/vhdl/axi_vdma_vid_cdc.vhd" into library axi_vdma_v5_00_a
Parsing VHDL file "C:/Xilinx/13.4/ISE_DS/EDK/hw/XilinxProcessorIPLib/pcores/axi_vdma_v5_00_a/hdl/vhdl/axi_vdma_sg_cdc.vhd" into library axi_vdma_v5_00_a
Parsing VHDL file "C:/Xilinx/13.4/ISE_DS/EDK/hw/XilinxProcessorIPLib/pcores/axi_vdma_v5_00_a/hdl/vhdl/axi_vdma_reset.vhd" into library axi_vdma_v5_00_a
Parsing VHDL file "C:/Xilinx/13.4/ISE_DS/EDK/hw/XilinxProcessorIPLib/pcores/axi_vdma_v5_00_a/hdl/vhdl/axi_vdma_rst_module.vhd" into library axi_vdma_v5_00_a
Parsing VHDL file "C:/Xilinx/13.4/ISE_DS/EDK/hw/XilinxProcessorIPLib/pcores/axi_vdma_v5_00_a/hdl/vhdl/axi_vdma_lite_if.vhd" into library axi_vdma_v5_00_a
Parsing VHDL file "C:/Xilinx/13.4/ISE_DS/EDK/hw/XilinxProcessorIPLib/pcores/axi_vdma_v5_00_a/hdl/vhdl/axi_vdma_register.vhd" into library axi_vdma_v5_00_a
Parsing VHDL file "C:/Xilinx/13.4/ISE_DS/EDK/hw/XilinxProcessorIPLib/pcores/axi_vdma_v5_00_a/hdl/vhdl/axi_vdma_regdirect.vhd" into library axi_vdma_v5_00_a
Parsing VHDL file "C:/Xilinx/13.4/ISE_DS/EDK/hw/XilinxProcessorIPLib/pcores/axi_vdma_v5_00_a/hdl/vhdl/axi_vdma_reg_mux.vhd" into library axi_vdma_v5_00_a
Parsing VHDL file "C:/Xilinx/13.4/ISE_DS/EDK/hw/XilinxProcessorIPLib/pcores/axi_vdma_v5_00_a/hdl/vhdl/axi_vdma_reg_module.vhd" into library axi_vdma_v5_00_a
Parsing VHDL file "C:/Xilinx/13.4/ISE_DS/EDK/hw/XilinxProcessorIPLib/pcores/axi_vdma_v5_00_a/hdl/vhdl/axi_vdma_reg_if.vhd" into library axi_vdma_v5_00_a
Parsing VHDL file "C:/Xilinx/13.4/ISE_DS/EDK/hw/XilinxProcessorIPLib/pcores/axi_vdma_v5_00_a/hdl/vhdl/axi_vdma_intrpt.vhd" into library axi_vdma_v5_00_a
Parsing VHDL file "C:/Xilinx/13.4/ISE_DS/EDK/hw/XilinxProcessorIPLib/pcores/axi_vdma_v5_00_a/hdl/vhdl/axi_vdma_sof_gen.vhd" into library axi_vdma_v5_00_a
Parsing VHDL file "C:/Xilinx/13.4/ISE_DS/EDK/hw/XilinxProcessorIPLib/pcores/axi_vdma_v5_00_a/hdl/vhdl/axi_vdma_skid_buf.vhd" into library axi_vdma_v5_00_a
Parsing VHDL file "C:/Xilinx/13.4/ISE_DS/EDK/hw/XilinxProcessorIPLib/pcores/axi_vdma_v5_00_a/hdl/vhdl/axi_vdma_sfifo_autord.vhd" into library axi_vdma_v5_00_a
Parsing VHDL file "C:/Xilinx/13.4/ISE_DS/EDK/hw/XilinxProcessorIPLib/pcores/axi_vdma_v5_00_a/hdl/vhdl/axi_vdma_afifo_autord.vhd" into library axi_vdma_v5_00_a
Parsing VHDL file "C:/Xilinx/13.4/ISE_DS/EDK/hw/XilinxProcessorIPLib/pcores/axi_vdma_v5_00_a/hdl/vhdl/axi_vdma_mm2s_linebuf.vhd" into library axi_vdma_v5_00_a
Parsing VHDL file "C:/Xilinx/13.4/ISE_DS/EDK/hw/XilinxProcessorIPLib/pcores/axi_vdma_v5_00_a/hdl/vhdl/axi_vdma_s2mm_linebuf.vhd" into library axi_vdma_v5_00_a
Parsing VHDL file "C:/Xilinx/13.4/ISE_DS/EDK/hw/XilinxProcessorIPLib/pcores/axi_vdma_v5_00_a/hdl/vhdl/axi_vdma_blkmem.vhd" into library axi_vdma_v5_00_a
Parsing VHDL file "C:/Xilinx/13.4/ISE_DS/EDK/hw/XilinxProcessorIPLib/pcores/axi_vdma_v5_00_a/hdl/vhdl/axi_vdma_fsync_gen.vhd" into library axi_vdma_v5_00_a
Parsing VHDL file "C:/Xilinx/13.4/ISE_DS/EDK/hw/XilinxProcessorIPLib/pcores/axi_vdma_v5_00_a/hdl/vhdl/axi_vdma_vregister.vhd" into library axi_vdma_v5_00_a
Parsing VHDL file "C:/Xilinx/13.4/ISE_DS/EDK/hw/XilinxProcessorIPLib/pcores/axi_vdma_v5_00_a/hdl/vhdl/axi_vdma_sgregister.vhd" into library axi_vdma_v5_00_a
Parsing VHDL file "C:/Xilinx/13.4/ISE_DS/EDK/hw/XilinxProcessorIPLib/pcores/axi_vdma_v5_00_a/hdl/vhdl/axi_vdma_vaddrreg_mux.vhd" into library axi_vdma_v5_00_a
Parsing VHDL file "C:/Xilinx/13.4/ISE_DS/EDK/hw/XilinxProcessorIPLib/pcores/axi_vdma_v5_00_a/hdl/vhdl/axi_vdma_vidreg_module.vhd" into library axi_vdma_v5_00_a
Parsing VHDL file "C:/Xilinx/13.4/ISE_DS/EDK/hw/XilinxProcessorIPLib/pcores/axi_vdma_v5_00_a/hdl/vhdl/axi_vdma_genlock_mux.vhd" into library axi_vdma_v5_00_a
Parsing VHDL file "C:/Xilinx/13.4/ISE_DS/EDK/hw/XilinxProcessorIPLib/pcores/axi_vdma_v5_00_a/hdl/vhdl/axi_vdma_greycoder.vhd" into library axi_vdma_v5_00_a
Parsing VHDL file "C:/Xilinx/13.4/ISE_DS/EDK/hw/XilinxProcessorIPLib/pcores/axi_vdma_v5_00_a/hdl/vhdl/axi_vdma_genlock_mngr.vhd" into library axi_vdma_v5_00_a
Parsing VHDL file "C:/Xilinx/13.4/ISE_DS/EDK/hw/XilinxProcessorIPLib/pcores/axi_vdma_v5_00_a/hdl/vhdl/axi_vdma_sg_if.vhd" into library axi_vdma_v5_00_a
Parsing VHDL file "C:/Xilinx/13.4/ISE_DS/EDK/hw/XilinxProcessorIPLib/pcores/axi_vdma_v5_00_a/hdl/vhdl/axi_vdma_sm.vhd" into library axi_vdma_v5_00_a
Parsing VHDL file "C:/Xilinx/13.4/ISE_DS/EDK/hw/XilinxProcessorIPLib/pcores/axi_vdma_v5_00_a/hdl/vhdl/axi_vdma_cmdsts_if.vhd" into library axi_vdma_v5_00_a
Parsing VHDL file "C:/Xilinx/13.4/ISE_DS/EDK/hw/XilinxProcessorIPLib/pcores/axi_vdma_v5_00_a/hdl/vhdl/axi_vdma_sts_mngr.vhd" into library axi_vdma_v5_00_a
Parsing VHDL file "C:/Xilinx/13.4/ISE_DS/EDK/hw/XilinxProcessorIPLib/pcores/axi_vdma_v5_00_a/hdl/vhdl/axi_vdma_mngr.vhd" into library axi_vdma_v5_00_a
Parsing VHDL file "C:/Xilinx/13.4/ISE_DS/EDK/hw/XilinxProcessorIPLib/pcores/axi_vdma_v5_00_a/hdl/vhdl/axi_vdma_mm2s_axis_dwidth_converter.vhd" into library axi_vdma_v5_00_a
Parsing VHDL file "C:/Xilinx/13.4/ISE_DS/EDK/hw/XilinxProcessorIPLib/pcores/axi_vdma_v5_00_a/hdl/vhdl/axi_vdma_s2mm_axis_dwidth_converter.vhd" into library axi_vdma_v5_00_a
Parsing VHDL file "C:/Xilinx/13.4/ISE_DS/EDK/hw/XilinxProcessorIPLib/pcores/axi_vdma_v5_00_a/hdl/vhdl/axi_vdma.vhd" into library axi_vdma_v5_00_a
Parsing VHDL file "C:/Xilinx/13.4/ISE_DS/EDK/hw/XilinxProcessorIPLib/pcores/interrupt_control_v2_01_a/hdl/vhdl/interrupt_control.vhd" into library interrupt_control_v2_01_a
Parsing VHDL file "C:/Xilinx/13.4/ISE_DS/EDK/hw/XilinxProcessorIPLib/pcores/axi_gpio_v1_01_b/hdl/vhdl/gpio_core.vhd" into library axi_gpio_v1_01_b
Parsing VHDL file "C:/Xilinx/13.4/ISE_DS/EDK/hw/XilinxProcessorIPLib/pcores/axi_gpio_v1_01_b/hdl/vhdl/axi_gpio.vhd" into library axi_gpio_v1_01_b
Analyzing Verilog file "C:/EE427/Atlys_BSB_Support_v_3_4/Atlys_AXI_BSB_Support/lib/Digilent/pcores/axi_hdmi_v1_00_a/hdl/verilog/DRAM16XN.v" into library axi_hdmi_v1_00_a
Analyzing Verilog file "C:/EE427/Atlys_BSB_Support_v_3_4/Atlys_AXI_BSB_Support/lib/Digilent/pcores/axi_hdmi_v1_00_a/hdl/verilog/serdes_1_to_5_diff_data.v" into library axi_hdmi_v1_00_a
Analyzing Verilog file "C:/EE427/Atlys_BSB_Support_v_3_4/Atlys_AXI_BSB_Support/lib/Digilent/pcores/axi_hdmi_v1_00_a/hdl/verilog/phsaligner.v" into library axi_hdmi_v1_00_a
Analyzing Verilog file "C:/EE427/Atlys_BSB_Support_v_3_4/Atlys_AXI_BSB_Support/lib/Digilent/pcores/axi_hdmi_v1_00_a/hdl/verilog/chnlbond.v" into library axi_hdmi_v1_00_a
Parsing VHDL file "C:/EE427/Atlys_BSB_Support_v_3_4/Atlys_AXI_BSB_Support/lib/Digilent/pcores/axi_hdmi_v1_00_a/hdl/vhdl/Video.vhd" into library axi_hdmi_v1_00_a
Parsing VHDL file "C:/EE427/Atlys_BSB_Support_v_3_4/Atlys_AXI_BSB_Support/lib/Digilent/pcores/axi_hdmi_v1_00_a/hdl/vhdl/TMDSEncoder.vhd" into library axi_hdmi_v1_00_a
Parsing VHDL file "C:/EE427/Atlys_BSB_Support_v_3_4/Atlys_AXI_BSB_Support/lib/Digilent/pcores/axi_hdmi_v1_00_a/hdl/vhdl/SerializerN_1.vhd" into library axi_hdmi_v1_00_a
Parsing VHDL file "C:/EE427/Atlys_BSB_Support_v_3_4/Atlys_AXI_BSB_Support/lib/Digilent/pcores/axi_hdmi_v1_00_a/hdl/vhdl/LocalRst.vhd" into library axi_hdmi_v1_00_a
Analyzing Verilog file "C:/EE427/Atlys_BSB_Support_v_3_4/Atlys_AXI_BSB_Support/lib/Digilent/pcores/axi_hdmi_v1_00_a/hdl/verilog/decode.v" into library axi_hdmi_v1_00_a
Parsing VHDL file "C:/EE427/Atlys_BSB_Support_v_3_4/Atlys_AXI_BSB_Support/lib/Digilent/pcores/axi_hdmi_v1_00_a/hdl/vhdl/VideoTimingCtl.vhd" into library axi_hdmi_v1_00_a
Parsing VHDL file "C:/EE427/Atlys_BSB_Support_v_3_4/Atlys_AXI_BSB_Support/lib/Digilent/pcores/axi_hdmi_v1_00_a/hdl/vhdl/twi_slave_rom.vhd" into library axi_hdmi_v1_00_a
Parsing VHDL file "C:/EE427/Atlys_BSB_Support_v_3_4/Atlys_AXI_BSB_Support/lib/Digilent/pcores/axi_hdmi_v1_00_a/hdl/vhdl/twi_slave.vhd" into library axi_hdmi_v1_00_a
Parsing VHDL file "C:/EE427/Atlys_BSB_Support_v_3_4/Atlys_AXI_BSB_Support/lib/Digilent/pcores/axi_hdmi_v1_00_a/hdl/vhdl/DVITransmitter.vhd" into library axi_hdmi_v1_00_a
Parsing VHDL file "C:/EE427/Atlys_BSB_Support_v_3_4/Atlys_AXI_BSB_Support/lib/Digilent/pcores/axi_hdmi_v1_00_a/hdl/vhdl/data_dealign.vhd" into library axi_hdmi_v1_00_a
Parsing VHDL file "C:/EE427/Atlys_BSB_Support_v_3_4/Atlys_AXI_BSB_Support/lib/Digilent/pcores/axi_hdmi_v1_00_a/hdl/vhdl/data_align.vhd" into library axi_hdmi_v1_00_a
Parsing VHDL file "C:/EE427/Atlys_BSB_Support_v_3_4/Atlys_AXI_BSB_Support/lib/Digilent/pcores/axi_hdmi_v1_00_a/hdl/vhdl/clk_gen.vhd" into library axi_hdmi_v1_00_a
Parsing VHDL file "C:/EE427/Atlys_BSB_Support_v_3_4/Atlys_AXI_BSB_Support/lib/Digilent/pcores/axi_hdmi_v1_00_a/hdl/vhdl/axi_hdmi_reg.vhd" into library axi_hdmi_v1_00_a
Analyzing Verilog file "C:/EE427/Atlys_BSB_Support_v_3_4/Atlys_AXI_BSB_Support/lib/Digilent/pcores/axi_hdmi_v1_00_a/hdl/verilog/dvi_decoder.v" into library axi_hdmi_v1_00_a
Parsing VHDL file "C:/EE427/Atlys_BSB_Support_v_3_4/Atlys_AXI_BSB_Support/lib/Digilent/pcores/axi_hdmi_v1_00_a/hdl/vhdl/hdmi_ddc.vhd" into library axi_hdmi_v1_00_a
Parsing VHDL file "C:/EE427/Atlys_BSB_Support_v_3_4/Atlys_AXI_BSB_Support/lib/Digilent/pcores/axi_hdmi_v1_00_a/hdl/vhdl/axi_hdmi_transmitter.vhd" into library axi_hdmi_v1_00_a
Parsing VHDL file "C:/EE427/Atlys_BSB_Support_v_3_4/Atlys_AXI_BSB_Support/lib/Digilent/pcores/axi_hdmi_v1_00_a/hdl/vhdl/axi_hdmi_reg_top.vhd" into library axi_hdmi_v1_00_a
Parsing VHDL file "C:/EE427/Atlys_BSB_Support_v_3_4/Atlys_AXI_BSB_Support/lib/Digilent/pcores/axi_hdmi_v1_00_a/hdl/vhdl/axi_hdmi_receiver.vhd" into library axi_hdmi_v1_00_a
Parsing VHDL file "C:/EE427/Atlys_BSB_Support_v_3_4/Atlys_AXI_BSB_Support/lib/Digilent/pcores/axi_hdmi_v1_00_a/hdl/vhdl/axi_hdmi.vhd" into library axi_hdmi_v1_00_a
Parsing VHDL file "C:/parkerbros/space-invaders/hw/pcores/axi_ac97_v1_00_a/hdl/vhdl/ac97_timing.vhd" into library axi_ac97_v1_00_a
Parsing VHDL file "C:/parkerbros/space-invaders/hw/pcores/axi_ac97_v1_00_a/hdl/vhdl/ac97_core.vhd" into library axi_ac97_v1_00_a
Parsing VHDL file "C:/parkerbros/space-invaders/hw/pcores/axi_ac97_v1_00_a/hdl/vhdl/bram_fifo.vhd" into library axi_ac97_v1_00_a
Parsing VHDL file "C:/parkerbros/space-invaders/hw/pcores/axi_ac97_v1_00_a/hdl/vhdl/srl_fifo.vhd" into library axi_ac97_v1_00_a
Parsing VHDL file "C:/parkerbros/space-invaders/hw/pcores/axi_ac97_v1_00_a/hdl/vhdl/ac97_fifo.vhd" into library axi_ac97_v1_00_a
Parsing VHDL file "C:/parkerbros/space-invaders/hw/pcores/axi_ac97_v1_00_a/hdl/vhdl/opb_ac97.vhd" into library axi_ac97_v1_00_a
Parsing VHDL file "C:/parkerbros/space-invaders/hw/pcores/axi_ac97_v1_00_a/hdl/vhdl/user_logic.vhd" into library axi_ac97_v1_00_a
Parsing VHDL file "C:/parkerbros/space-invaders/hw/pcores/axi_ac97_v1_00_a/hdl/vhdl/axi_ac97.vhd" into library axi_ac97_v1_00_a
Analyzing Verilog file "C:/Xilinx/13.4/ISE_DS/EDK/hw/XilinxProcessorIPLib/pcores/axi_interconnect_v1_05_a/hdl/verilog/ict105_a_axi3_conv.v" into library axi_interconnect_v1_05_a
Analyzing Verilog file "C:/Xilinx/13.4/ISE_DS/EDK/hw/XilinxProcessorIPLib/pcores/axi_interconnect_v1_05_a/hdl/verilog/ict105_addr_arbiter_sasd.v" into library axi_interconnect_v1_05_a
Analyzing Verilog file "C:/Xilinx/13.4/ISE_DS/EDK/hw/XilinxProcessorIPLib/pcores/axi_interconnect_v1_05_a/hdl/verilog/ict105_addr_arbiter.v" into library axi_interconnect_v1_05_a
Analyzing Verilog file "C:/Xilinx/13.4/ISE_DS/EDK/hw/XilinxProcessorIPLib/pcores/axi_interconnect_v1_05_a/hdl/verilog/ict105_addr_decoder.v" into library axi_interconnect_v1_05_a
Analyzing Verilog file "C:/Xilinx/13.4/ISE_DS/EDK/hw/XilinxProcessorIPLib/pcores/axi_interconnect_v1_05_a/hdl/verilog/ict105_a_downsizer.v" into library axi_interconnect_v1_05_a
Analyzing Verilog file "C:/Xilinx/13.4/ISE_DS/EDK/hw/XilinxProcessorIPLib/pcores/axi_interconnect_v1_05_a/hdl/verilog/ict105_arbiter_resp.v" into library axi_interconnect_v1_05_a
Analyzing Verilog file "C:/Xilinx/13.4/ISE_DS/EDK/hw/XilinxProcessorIPLib/pcores/axi_interconnect_v1_05_a/hdl/verilog/ict105_a_upsizer.v" into library axi_interconnect_v1_05_a
Analyzing Verilog file "C:/Xilinx/13.4/ISE_DS/EDK/hw/XilinxProcessorIPLib/pcores/axi_interconnect_v1_05_a/hdl/verilog/ict105_axi3_conv.v" into library axi_interconnect_v1_05_a
Analyzing Verilog file "C:/Xilinx/13.4/ISE_DS/EDK/hw/XilinxProcessorIPLib/pcores/axi_interconnect_v1_05_a/hdl/verilog/ict105_axic_fifo.v" into library axi_interconnect_v1_05_a
Analyzing Verilog file "C:/Xilinx/13.4/ISE_DS/EDK/hw/XilinxProcessorIPLib/pcores/axi_interconnect_v1_05_a/hdl/verilog/ict105_axi_clock_converter.v" into library axi_interconnect_v1_05_a
Analyzing Verilog file "C:/Xilinx/13.4/ISE_DS/EDK/hw/XilinxProcessorIPLib/pcores/axi_interconnect_v1_05_a/hdl/verilog/ict105_axic_register_slice.v" into library axi_interconnect_v1_05_a
Analyzing Verilog file "C:/Xilinx/13.4/ISE_DS/EDK/hw/XilinxProcessorIPLib/pcores/axi_interconnect_v1_05_a/hdl/verilog/ict105_axic_reg_srl_fifo.v" into library axi_interconnect_v1_05_a
Analyzing Verilog file "C:/Xilinx/13.4/ISE_DS/EDK/hw/XilinxProcessorIPLib/pcores/axi_interconnect_v1_05_a/hdl/verilog/ict105_axi_crossbar.v" into library axi_interconnect_v1_05_a
Analyzing Verilog file "C:/Xilinx/13.4/ISE_DS/EDK/hw/XilinxProcessorIPLib/pcores/axi_interconnect_v1_05_a/hdl/verilog/ict105_axic_srl_fifo.v" into library axi_interconnect_v1_05_a
Analyzing Verilog file "C:/Xilinx/13.4/ISE_DS/EDK/hw/XilinxProcessorIPLib/pcores/axi_interconnect_v1_05_a/hdl/verilog/ict105_axi_data_fifo.v" into library axi_interconnect_v1_05_a
Analyzing Verilog file "C:/Xilinx/13.4/ISE_DS/EDK/hw/XilinxProcessorIPLib/pcores/axi_interconnect_v1_05_a/hdl/verilog/ict105_axi_downsizer.v" into library axi_interconnect_v1_05_a
Analyzing Verilog file "C:/Xilinx/13.4/ISE_DS/EDK/hw/XilinxProcessorIPLib/pcores/axi_interconnect_v1_05_a/hdl/verilog/ict105_axilite_conv.v" into library axi_interconnect_v1_05_a
Analyzing Verilog file "C:/Xilinx/13.4/ISE_DS/EDK/hw/XilinxProcessorIPLib/pcores/axi_interconnect_v1_05_a/hdl/verilog/ict105_axi_protocol_converter.v" into library axi_interconnect_v1_05_a
Analyzing Verilog file "C:/Xilinx/13.4/ISE_DS/EDK/hw/XilinxProcessorIPLib/pcores/axi_interconnect_v1_05_a/hdl/verilog/ict105_axi_register_slice.v" into library axi_interconnect_v1_05_a
Analyzing Verilog file "C:/Xilinx/13.4/ISE_DS/EDK/hw/XilinxProcessorIPLib/pcores/axi_interconnect_v1_05_a/hdl/verilog/ict105_axi_upsizer.v" into library axi_interconnect_v1_05_a
Analyzing Verilog file "C:/Xilinx/13.4/ISE_DS/EDK/hw/XilinxProcessorIPLib/pcores/axi_interconnect_v1_05_a/hdl/verilog/ict105_b_downsizer.v" into library axi_interconnect_v1_05_a
Analyzing Verilog file "C:/Xilinx/13.4/ISE_DS/EDK/hw/XilinxProcessorIPLib/pcores/axi_interconnect_v1_05_a/hdl/verilog/ict105_carry_and.v" into library axi_interconnect_v1_05_a
Analyzing Verilog file "C:/Xilinx/13.4/ISE_DS/EDK/hw/XilinxProcessorIPLib/pcores/axi_interconnect_v1_05_a/hdl/verilog/ict105_carry_latch_and.v" into library axi_interconnect_v1_05_a
Analyzing Verilog file "C:/Xilinx/13.4/ISE_DS/EDK/hw/XilinxProcessorIPLib/pcores/axi_interconnect_v1_05_a/hdl/verilog/ict105_carry_latch_or.v" into library axi_interconnect_v1_05_a
Analyzing Verilog file "C:/Xilinx/13.4/ISE_DS/EDK/hw/XilinxProcessorIPLib/pcores/axi_interconnect_v1_05_a/hdl/verilog/ict105_carry_or.v" into library axi_interconnect_v1_05_a
Analyzing Verilog file "C:/Xilinx/13.4/ISE_DS/EDK/hw/XilinxProcessorIPLib/pcores/axi_interconnect_v1_05_a/hdl/verilog/ict105_carry.v" into library axi_interconnect_v1_05_a
Analyzing Verilog file "C:/Xilinx/13.4/ISE_DS/EDK/hw/XilinxProcessorIPLib/pcores/axi_interconnect_v1_05_a/hdl/verilog/ict105_clock_sync_accel.v" into library axi_interconnect_v1_05_a
Analyzing Verilog file "C:/Xilinx/13.4/ISE_DS/EDK/hw/XilinxProcessorIPLib/pcores/axi_interconnect_v1_05_a/hdl/verilog/ict105_clock_sync_decel.v" into library axi_interconnect_v1_05_a
Analyzing Verilog file "C:/Xilinx/13.4/ISE_DS/EDK/hw/XilinxProcessorIPLib/pcores/axi_interconnect_v1_05_a/hdl/verilog/ict105_command_fifo.v" into library axi_interconnect_v1_05_a
Analyzing Verilog file "C:/Xilinx/13.4/ISE_DS/EDK/hw/XilinxProcessorIPLib/pcores/axi_interconnect_v1_05_a/hdl/verilog/ict105_comparator_mask_static.v" into library axi_interconnect_v1_05_a
Analyzing Verilog file "C:/Xilinx/13.4/ISE_DS/EDK/hw/XilinxProcessorIPLib/pcores/axi_interconnect_v1_05_a/hdl/verilog/ict105_comparator_mask.v" into library axi_interconnect_v1_05_a
Analyzing Verilog file "C:/Xilinx/13.4/ISE_DS/EDK/hw/XilinxProcessorIPLib/pcores/axi_interconnect_v1_05_a/hdl/verilog/ict105_comparator_sel_mask_static.v" into library axi_interconnect_v1_05_a
Analyzing Verilog file "C:/Xilinx/13.4/ISE_DS/EDK/hw/XilinxProcessorIPLib/pcores/axi_interconnect_v1_05_a/hdl/verilog/ict105_comparator_sel_mask.v" into library axi_interconnect_v1_05_a
Analyzing Verilog file "C:/Xilinx/13.4/ISE_DS/EDK/hw/XilinxProcessorIPLib/pcores/axi_interconnect_v1_05_a/hdl/verilog/ict105_comparator_sel_static.v" into library axi_interconnect_v1_05_a
Analyzing Verilog file "C:/Xilinx/13.4/ISE_DS/EDK/hw/XilinxProcessorIPLib/pcores/axi_interconnect_v1_05_a/hdl/verilog/ict105_comparator_sel.v" into library axi_interconnect_v1_05_a
Analyzing Verilog file "C:/Xilinx/13.4/ISE_DS/EDK/hw/XilinxProcessorIPLib/pcores/axi_interconnect_v1_05_a/hdl/verilog/ict105_comparator_static.v" into library axi_interconnect_v1_05_a
Analyzing Verilog file "C:/Xilinx/13.4/ISE_DS/EDK/hw/XilinxProcessorIPLib/pcores/axi_interconnect_v1_05_a/hdl/verilog/ict105_comparator.v" into library axi_interconnect_v1_05_a
Analyzing Verilog file "C:/Xilinx/13.4/ISE_DS/EDK/hw/XilinxProcessorIPLib/pcores/axi_interconnect_v1_05_a/hdl/verilog/ict105_converter_bank.v" into library axi_interconnect_v1_05_a
Analyzing Verilog file "C:/Xilinx/13.4/ISE_DS/EDK/hw/XilinxProcessorIPLib/pcores/axi_interconnect_v1_05_a/hdl/verilog/ict105_crossbar_sasd.v" into library axi_interconnect_v1_05_a
Analyzing Verilog file "C:/Xilinx/13.4/ISE_DS/EDK/hw/XilinxProcessorIPLib/pcores/axi_interconnect_v1_05_a/hdl/verilog/ict105_crossbar.v" into library axi_interconnect_v1_05_a
Analyzing Verilog file "C:/Xilinx/13.4/ISE_DS/EDK/hw/XilinxProcessorIPLib/pcores/axi_interconnect_v1_05_a/hdl/verilog/ict105_data_fifo_bank.v" into library axi_interconnect_v1_05_a
Analyzing Verilog file "C:/Xilinx/13.4/ISE_DS/EDK/hw/XilinxProcessorIPLib/pcores/axi_interconnect_v1_05_a/hdl/verilog/ict105_decerr_slave.v" into library axi_interconnect_v1_05_a
Analyzing Verilog file "C:/Xilinx/13.4/ISE_DS/EDK/hw/XilinxProcessorIPLib/pcores/axi_interconnect_v1_05_a/hdl/verilog/ict105_fifo_gen.v" into library axi_interconnect_v1_05_a
Analyzing Verilog file "C:/Xilinx/13.4/ISE_DS/EDK/hw/XilinxProcessorIPLib/pcores/axi_interconnect_v1_05_a/hdl/verilog/ict105_mux_enc.v" into library axi_interconnect_v1_05_a
Analyzing Verilog file "C:/Xilinx/13.4/ISE_DS/EDK/hw/XilinxProcessorIPLib/pcores/axi_interconnect_v1_05_a/hdl/verilog/ict105_mux.v" into library axi_interconnect_v1_05_a
Analyzing Verilog file "C:/Xilinx/13.4/ISE_DS/EDK/hw/XilinxProcessorIPLib/pcores/axi_interconnect_v1_05_a/hdl/verilog/ict105_ndeep_srl.v" into library axi_interconnect_v1_05_a
Analyzing Verilog file "C:/Xilinx/13.4/ISE_DS/EDK/hw/XilinxProcessorIPLib/pcores/axi_interconnect_v1_05_a/hdl/verilog/ict105_nto1_mux.v" into library axi_interconnect_v1_05_a
Analyzing Verilog file "C:/Xilinx/13.4/ISE_DS/EDK/hw/XilinxProcessorIPLib/pcores/axi_interconnect_v1_05_a/hdl/verilog/ict105_protocol_conv_bank.v" into library axi_interconnect_v1_05_a
Analyzing Verilog file "C:/Xilinx/13.4/ISE_DS/EDK/hw/XilinxProcessorIPLib/pcores/axi_interconnect_v1_05_a/hdl/verilog/ict105_r_axi3_conv.v" into library axi_interconnect_v1_05_a
Analyzing Verilog file "C:/Xilinx/13.4/ISE_DS/EDK/hw/XilinxProcessorIPLib/pcores/axi_interconnect_v1_05_a/hdl/verilog/ict105_r_downsizer.v" into library axi_interconnect_v1_05_a
Analyzing Verilog file "C:/Xilinx/13.4/ISE_DS/EDK/hw/XilinxProcessorIPLib/pcores/axi_interconnect_v1_05_a/hdl/verilog/ict105_register_slice_bank.v" into library axi_interconnect_v1_05_a
Analyzing Verilog file "C:/Xilinx/13.4/ISE_DS/EDK/hw/XilinxProcessorIPLib/pcores/axi_interconnect_v1_05_a/hdl/verilog/ict105_r_upsizer.v" into library axi_interconnect_v1_05_a
Analyzing Verilog file "C:/Xilinx/13.4/ISE_DS/EDK/hw/XilinxProcessorIPLib/pcores/axi_interconnect_v1_05_a/hdl/verilog/ict105_si_transactor.v" into library axi_interconnect_v1_05_a
Analyzing Verilog file "C:/Xilinx/13.4/ISE_DS/EDK/hw/XilinxProcessorIPLib/pcores/axi_interconnect_v1_05_a/hdl/verilog/ict105_splitter.v" into library axi_interconnect_v1_05_a
Analyzing Verilog file "C:/Xilinx/13.4/ISE_DS/EDK/hw/XilinxProcessorIPLib/pcores/axi_interconnect_v1_05_a/hdl/verilog/ict105_w_axi3_conv.v" into library axi_interconnect_v1_05_a
Analyzing Verilog file "C:/Xilinx/13.4/ISE_DS/EDK/hw/XilinxProcessorIPLib/pcores/axi_interconnect_v1_05_a/hdl/verilog/ict105_wdata_mux.v" into library axi_interconnect_v1_05_a
Analyzing Verilog file "C:/Xilinx/13.4/ISE_DS/EDK/hw/XilinxProcessorIPLib/pcores/axi_interconnect_v1_05_a/hdl/verilog/ict105_wdata_router.v" into library axi_interconnect_v1_05_a
Analyzing Verilog file "C:/Xilinx/13.4/ISE_DS/EDK/hw/XilinxProcessorIPLib/pcores/axi_interconnect_v1_05_a/hdl/verilog/ict105_w_downsizer.v" into library axi_interconnect_v1_05_a
Analyzing Verilog file "C:/Xilinx/13.4/ISE_DS/EDK/hw/XilinxProcessorIPLib/pcores/axi_interconnect_v1_05_a/hdl/verilog/ict105_w_upsizer.v" into library axi_interconnect_v1_05_a
Analyzing Verilog file "C:/Xilinx/13.4/ISE_DS/EDK/hw/XilinxProcessorIPLib/pcores/axi_interconnect_v1_05_a/hdl/verilog/axi_interconnect.v" into library axi_interconnect_v1_05_a
Parsing VHDL file "C:/Xilinx/13.4/ISE_DS/EDK/hw/XilinxProcessorIPLib/pcores/axi_uartlite_v1_02_a/hdl/vhdl/baudrate.vhd" into library axi_uartlite_v1_02_a
Parsing VHDL file "C:/Xilinx/13.4/ISE_DS/EDK/hw/XilinxProcessorIPLib/pcores/axi_uartlite_v1_02_a/hdl/vhdl/uartlite_rx.vhd" into library axi_uartlite_v1_02_a
Parsing VHDL file "C:/Xilinx/13.4/ISE_DS/EDK/hw/XilinxProcessorIPLib/pcores/axi_uartlite_v1_02_a/hdl/vhdl/uartlite_tx.vhd" into library axi_uartlite_v1_02_a
Parsing VHDL file "C:/Xilinx/13.4/ISE_DS/EDK/hw/XilinxProcessorIPLib/pcores/axi_uartlite_v1_02_a/hdl/vhdl/uartlite_core.vhd" into library axi_uartlite_v1_02_a
Parsing VHDL file "C:/Xilinx/13.4/ISE_DS/EDK/hw/XilinxProcessorIPLib/pcores/axi_uartlite_v1_02_a/hdl/vhdl/axi_uartlite.vhd" into library axi_uartlite_v1_02_a
Analyzing Verilog file "C:/Xilinx/13.4/ISE_DS/EDK/hw/XilinxProcessorIPLib/pcores/axi_s6_ddrx_v1_05_a/hdl/verilog/axi_mcb_ar_channel.v" into library axi_s6_ddrx_v1_05_a
Analyzing Verilog file "C:/Xilinx/13.4/ISE_DS/EDK/hw/XilinxProcessorIPLib/pcores/axi_s6_ddrx_v1_05_a/hdl/verilog/axi_mcb_a_upsizer.v" into library axi_s6_ddrx_v1_05_a
Analyzing Verilog file "C:/Xilinx/13.4/ISE_DS/EDK/hw/XilinxProcessorIPLib/pcores/axi_s6_ddrx_v1_05_a/hdl/verilog/axi_mcb_aw_channel.v" into library axi_s6_ddrx_v1_05_a
Analyzing Verilog file "C:/Xilinx/13.4/ISE_DS/EDK/hw/XilinxProcessorIPLib/pcores/axi_s6_ddrx_v1_05_a/hdl/verilog/axi_mcb_axic_register_slice.v" into library axi_s6_ddrx_v1_05_a
Analyzing Verilog file "C:/Xilinx/13.4/ISE_DS/EDK/hw/XilinxProcessorIPLib/pcores/axi_s6_ddrx_v1_05_a/hdl/verilog/axi_mcb_axi_register_slice.v" into library axi_s6_ddrx_v1_05_a
Analyzing Verilog file "C:/Xilinx/13.4/ISE_DS/EDK/hw/XilinxProcessorIPLib/pcores/axi_s6_ddrx_v1_05_a/hdl/verilog/axi_mcb_axi_upsizer.v" into library axi_s6_ddrx_v1_05_a
Analyzing Verilog file "C:/Xilinx/13.4/ISE_DS/EDK/hw/XilinxProcessorIPLib/pcores/axi_s6_ddrx_v1_05_a/hdl/verilog/axi_mcb_b_channel.v" into library axi_s6_ddrx_v1_05_a
Analyzing Verilog file "C:/Xilinx/13.4/ISE_DS/EDK/hw/XilinxProcessorIPLib/pcores/axi_s6_ddrx_v1_05_a/hdl/verilog/axi_mcb_carry_and.v" into library axi_s6_ddrx_v1_05_a
Analyzing Verilog file "C:/Xilinx/13.4/ISE_DS/EDK/hw/XilinxProcessorIPLib/pcores/axi_s6_ddrx_v1_05_a/hdl/verilog/axi_mcb_carry_latch_and.v" into library axi_s6_ddrx_v1_05_a
Analyzing Verilog file "C:/Xilinx/13.4/ISE_DS/EDK/hw/XilinxProcessorIPLib/pcores/axi_s6_ddrx_v1_05_a/hdl/verilog/axi_mcb_carry_latch_or.v" into library axi_s6_ddrx_v1_05_a
Analyzing Verilog file "C:/Xilinx/13.4/ISE_DS/EDK/hw/XilinxProcessorIPLib/pcores/axi_s6_ddrx_v1_05_a/hdl/verilog/axi_mcb_carry_or.v" into library axi_s6_ddrx_v1_05_a
Analyzing Verilog file "C:/Xilinx/13.4/ISE_DS/EDK/hw/XilinxProcessorIPLib/pcores/axi_s6_ddrx_v1_05_a/hdl/verilog/axi_mcb_cmd_arbiter.v" into library axi_s6_ddrx_v1_05_a
Analyzing Verilog file "C:/Xilinx/13.4/ISE_DS/EDK/hw/XilinxProcessorIPLib/pcores/axi_s6_ddrx_v1_05_a/hdl/verilog/axi_mcb_cmd_fsm.v" into library axi_s6_ddrx_v1_05_a
Analyzing Verilog file "C:/Xilinx/13.4/ISE_DS/EDK/hw/XilinxProcessorIPLib/pcores/axi_s6_ddrx_v1_05_a/hdl/verilog/axi_mcb_cmd_translator.v" into library axi_s6_ddrx_v1_05_a
Analyzing Verilog file "C:/Xilinx/13.4/ISE_DS/EDK/hw/XilinxProcessorIPLib/pcores/axi_s6_ddrx_v1_05_a/hdl/verilog/axi_mcb_command_fifo.v" into library axi_s6_ddrx_v1_05_a
Analyzing Verilog file "C:/Xilinx/13.4/ISE_DS/EDK/hw/XilinxProcessorIPLib/pcores/axi_s6_ddrx_v1_05_a/hdl/verilog/axi_mcb_comparator_sel_static.v" into library axi_s6_ddrx_v1_05_a
Analyzing Verilog file "C:/Xilinx/13.4/ISE_DS/EDK/hw/XilinxProcessorIPLib/pcores/axi_s6_ddrx_v1_05_a/hdl/verilog/axi_mcb_comparator_sel.v" into library axi_s6_ddrx_v1_05_a
Analyzing Verilog file "C:/Xilinx/13.4/ISE_DS/EDK/hw/XilinxProcessorIPLib/pcores/axi_s6_ddrx_v1_05_a/hdl/verilog/axi_mcb_comparator.v" into library axi_s6_ddrx_v1_05_a
Analyzing Verilog file "C:/Xilinx/13.4/ISE_DS/EDK/hw/XilinxProcessorIPLib/pcores/axi_s6_ddrx_v1_05_a/hdl/verilog/axi_mcb_incr_cmd.v" into library axi_s6_ddrx_v1_05_a
Analyzing Verilog file "C:/Xilinx/13.4/ISE_DS/EDK/hw/XilinxProcessorIPLib/pcores/axi_s6_ddrx_v1_05_a/hdl/verilog/axi_mcb_r_channel.v" into library axi_s6_ddrx_v1_05_a
Analyzing Verilog file "C:/Xilinx/13.4/ISE_DS/EDK/hw/XilinxProcessorIPLib/pcores/axi_s6_ddrx_v1_05_a/hdl/verilog/axi_mcb_r_upsizer.v" into library axi_s6_ddrx_v1_05_a
Analyzing Verilog file "C:/Xilinx/13.4/ISE_DS/EDK/hw/XilinxProcessorIPLib/pcores/axi_s6_ddrx_v1_05_a/hdl/verilog/axi_mcb_simple_fifo.v" into library axi_s6_ddrx_v1_05_a
Analyzing Verilog file "C:/Xilinx/13.4/ISE_DS/EDK/hw/XilinxProcessorIPLib/pcores/axi_s6_ddrx_v1_05_a/hdl/verilog/axi_mcb.v" into library axi_s6_ddrx_v1_05_a
Analyzing Verilog file "C:/Xilinx/13.4/ISE_DS/EDK/hw/XilinxProcessorIPLib/pcores/axi_s6_ddrx_v1_05_a/hdl/verilog/axi_mcb_w_channel.v" into library axi_s6_ddrx_v1_05_a
Analyzing Verilog file "C:/Xilinx/13.4/ISE_DS/EDK/hw/XilinxProcessorIPLib/pcores/axi_s6_ddrx_v1_05_a/hdl/verilog/axi_mcb_wrap_cmd.v" into library axi_s6_ddrx_v1_05_a
Analyzing Verilog file "C:/Xilinx/13.4/ISE_DS/EDK/hw/XilinxProcessorIPLib/pcores/axi_s6_ddrx_v1_05_a/hdl/verilog/axi_mcb_w_upsizer.v" into library axi_s6_ddrx_v1_05_a
Analyzing Verilog file "C:/Xilinx/13.4/ISE_DS/EDK/hw/XilinxProcessorIPLib/pcores/axi_s6_ddrx_v1_05_a/hdl/verilog/axi_s6_ddrx.v" into library axi_s6_ddrx_v1_05_a
Analyzing Verilog file "C:/Xilinx/13.4/ISE_DS/EDK/hw/XilinxProcessorIPLib/pcores/axi_s6_ddrx_v1_05_a/hdl/verilog/iodrp_controller.v" into library axi_s6_ddrx_v1_05_a
Analyzing Verilog file "C:/Xilinx/13.4/ISE_DS/EDK/hw/XilinxProcessorIPLib/pcores/axi_s6_ddrx_v1_05_a/hdl/verilog/iodrp_mcb_controller.v" into library axi_s6_ddrx_v1_05_a
Analyzing Verilog file "C:/Xilinx/13.4/ISE_DS/EDK/hw/XilinxProcessorIPLib/pcores/axi_s6_ddrx_v1_05_a/hdl/verilog/mcb_raw_wrapper.v" into library axi_s6_ddrx_v1_05_a
Analyzing Verilog file "C:/Xilinx/13.4/ISE_DS/EDK/hw/XilinxProcessorIPLib/pcores/axi_s6_ddrx_v1_05_a/hdl/verilog/mcb_soft_calibration_top.v" into library axi_s6_ddrx_v1_05_a
Analyzing Verilog file "C:/Xilinx/13.4/ISE_DS/EDK/hw/XilinxProcessorIPLib/pcores/axi_s6_ddrx_v1_05_a/hdl/verilog/mcb_soft_calibration.v" into library axi_s6_ddrx_v1_05_a
Analyzing Verilog file "C:/Xilinx/13.4/ISE_DS/EDK/hw/XilinxProcessorIPLib/pcores/axi_s6_ddrx_v1_05_a/hdl/verilog/mcb_ui_top_synch.v" into library axi_s6_ddrx_v1_05_a
Analyzing Verilog file "C:/Xilinx/13.4/ISE_DS/EDK/hw/XilinxProcessorIPLib/pcores/axi_s6_ddrx_v1_05_a/hdl/verilog/mcb_ui_top.v" into library axi_s6_ddrx_v1_05_a
Analyzing Verilog file "C:/EE427/Atlys_BSB_Support_v_3_4/Atlys_AXI_BSB_Support/lib/Digilent/pcores/d_qspi_axi_v1_00_a/hdl/verilog/spi_tr8.v" into library d_qspi_axi_v1_00_a
Analyzing Verilog file "C:/EE427/Atlys_BSB_Support_v_3_4/Atlys_AXI_BSB_Support/lib/Digilent/pcores/d_qspi_axi_v1_00_a/hdl/verilog/spi_fifo_send.v" into library d_qspi_axi_v1_00_a
Analyzing Verilog file "C:/EE427/Atlys_BSB_Support_v_3_4/Atlys_AXI_BSB_Support/lib/Digilent/pcores/d_qspi_axi_v1_00_a/hdl/verilog/spi_fifo_receive.v" into library d_qspi_axi_v1_00_a
Analyzing Verilog file "C:/EE427/Atlys_BSB_Support_v_3_4/Atlys_AXI_BSB_Support/lib/Digilent/pcores/d_qspi_axi_v1_00_a/hdl/verilog/spi_sf.v" into library d_qspi_axi_v1_00_a
Parsing VHDL file "C:/EE427/Atlys_BSB_Support_v_3_4/Atlys_AXI_BSB_Support/lib/Digilent/pcores/d_qspi_axi_v1_00_a/hdl/vhdl/user_logic.vhd" into library d_qspi_axi_v1_00_a
Parsing VHDL file "C:/EE427/Atlys_BSB_Support_v_3_4/Atlys_AXI_BSB_Support/lib/Digilent/pcores/d_qspi_axi_v1_00_a/hdl/vhdl/d_qspi_axi.vhd" into library d_qspi_axi_v1_00_a
Parsing VHDL file "C:/Xilinx/13.4/ISE_DS/EDK/hw/XilinxProcessorIPLib/pcores/axi_intc_v1_01_a/hdl/vhdl/intc_core.vhd" into library axi_intc_v1_01_a
Parsing VHDL file "C:/Xilinx/13.4/ISE_DS/EDK/hw/XilinxProcessorIPLib/pcores/axi_intc_v1_01_a/hdl/vhdl/axi_intc.vhd" into library axi_intc_v1_01_a
Parsing VHDL file "C:/Xilinx/13.4/ISE_DS/EDK/hw/XilinxProcessorIPLib/pcores/axi_timer_v1_03_a/hdl/vhdl/tc_types.vhd" into library axi_timer_v1_03_a
Parsing VHDL file "C:/Xilinx/13.4/ISE_DS/EDK/hw/XilinxProcessorIPLib/pcores/axi_timer_v1_03_a/hdl/vhdl/count_module.vhd" into library axi_timer_v1_03_a
Parsing VHDL file "C:/Xilinx/13.4/ISE_DS/EDK/hw/XilinxProcessorIPLib/pcores/axi_timer_v1_03_a/hdl/vhdl/timer_control.vhd" into library axi_timer_v1_03_a
Parsing VHDL file "C:/Xilinx/13.4/ISE_DS/EDK/hw/XilinxProcessorIPLib/pcores/axi_timer_v1_03_a/hdl/vhdl/tc_core.vhd" into library axi_timer_v1_03_a
Parsing VHDL file "C:/Xilinx/13.4/ISE_DS/EDK/hw/XilinxProcessorIPLib/pcores/axi_timer_v1_03_a/hdl/vhdl/axi_timer.vhd" into library axi_timer_v1_03_a
Parsing VHDL file "C:/Xilinx/13.4/ISE_DS/EDK/hw/XilinxProcessorIPLib/pcores/fit_timer_v1_01_b/hdl/vhdl/divide_part.vhd" into library fit_timer_v1_01_b
Parsing VHDL file "C:/Xilinx/13.4/ISE_DS/EDK/hw/XilinxProcessorIPLib/pcores/fit_timer_v1_01_b/hdl/vhdl/fit_timer.vhd" into library fit_timer_v1_01_b
Parsing VHDL file "C:/parkerbros/space-invaders/hw/pcores/pit_v1_00_a/hdl/vhdl/user_logic.vhd" into library pit_v1_00_a
Parsing VHDL file "C:/parkerbros/space-invaders/hw/pcores/pit_v1_00_a/hdl/vhdl/pit.vhd" into library pit_v1_00_a
Parsing VHDL file "C:/Xilinx/13.4/ISE_DS/EDK/hw/XilinxProcessorIPLib/pcores/axi_master_lite_v1_00_a/hdl/vhdl/axi_master_lite_reset.vhd" into library axi_master_lite_v1_00_a
Parsing VHDL file "C:/Xilinx/13.4/ISE_DS/EDK/hw/XilinxProcessorIPLib/pcores/axi_master_lite_v1_00_a/hdl/vhdl/axi_master_lite_cntlr.vhd" into library axi_master_lite_v1_00_a
Parsing VHDL file "C:/Xilinx/13.4/ISE_DS/EDK/hw/XilinxProcessorIPLib/pcores/axi_master_lite_v1_00_a/hdl/vhdl/axi_master_lite.vhd" into library axi_master_lite_v1_00_a
Parsing VHDL file "C:/parkerbros/space-invaders/hw/pcores/dma_ctrl_v1_00_a/hdl/vhdl/user_logic.vhd" into library dma_ctrl_v1_00_a
Parsing VHDL file "C:/parkerbros/space-invaders/hw/pcores/dma_ctrl_v1_00_a/hdl/vhdl/dma_ctrl.vhd" into library dma_ctrl_v1_00_a
Parsing VHDL file "proc_sys_reset_0_wrapper.vhd" into library work
Parsing VHDL file "microblaze_0_ilmb_wrapper.vhd" into library work
Parsing VHDL file "microblaze_0_i_bram_ctrl_wrapper.vhd" into library work
Parsing VHDL file "microblaze_0_dlmb_wrapper.vhd" into library work
Parsing VHDL file "microblaze_0_d_bram_ctrl_wrapper.vhd" into library work
Parsing VHDL file "microblaze_0_bram_block_wrapper.vhd" into library work
Parsing VHDL file "microblaze_0_wrapper.vhd" into library work
Parsing VHDL file "debug_module_wrapper.vhd" into library work
Parsing VHDL file "clock_generator_0_wrapper.vhd" into library work
Parsing VHDL file "axi_vdma_0_wrapper.vhd" into library work
Parsing VHDL file "push_buttons_5bits_wrapper.vhd" into library work
Parsing VHDL file "axi_hdmi_0_wrapper.vhd" into library work
Parsing VHDL file "axi_ac97_0_wrapper.vhd" into library work
Analyzing Verilog file "axi4lite_0_wrapper.v" into library work
      Resolving module axi_interconnect
      Resolving module ict105_register_slice_bank
      Resolving module ict105_protocol_conv_bank
      Resolving module ict105_converter_bank
      Resolving module ict105_data_fifo_bank
      Resolving module ict105_axi_crossbar
      Resolving module ict105_axi_register_slice
      Resolving module ict105_axi_protocol_converter
      Resolving module ict105_axi_upsizer
      Resolving module ict105_axi_clock_converter
      Resolving module ict105_axi_downsizer
      Resolving module ict105_axi_data_fifo
      Resolving module ict105_crossbar
      Resolving module ict105_crossbar_sasd
      Resolving module ict105_axic_register_slice
      Resolving module ict105_axilite_conv
      Resolving module ict105_axi3_conv
      Resolving module ict105_a_upsizer
      Resolving module ict105_w_upsizer
      Resolving module ict105_r_upsizer
      Resolving module ict105_fifo_gen
      Resolving module ict105_clock_sync_accel
      Resolving module ict105_clock_sync_decel
      Resolving module ict105_a_downsizer
      Resolving module ict105_w_downsizer
      Resolving module ict105_b_downsizer
      Resolving module ict105_r_downsizer
      Resolving module fifo_generator_v8_4
      Resolving module ict105_si_transactor
      Resolving module ict105_splitter
      Resolving module ict105_wdata_router
      Resolving module ict105_addr_decoder
      Resolving module ict105_wdata_mux
      Resolving module ict105_axic_srl_fifo
      Resolving module ict105_addr_arbiter
      Resolving module ict105_decerr_slave
      Resolving module ict105_addr_arbiter_sasd
      Resolving module ict105_mux_enc
      Resolving module ict105_a_axi3_conv
      Resolving module ict105_w_axi3_conv
      Resolving module ict105_r_axi3_conv
      Resolving module ict105_carry_latch_and
      Resolving module ict105_carry_and
      Resolving module ict105_comparator
      Resolving module ict105_carry_or
      Resolving module ict105_command_fifo
      Resolving module ict105_comparator_sel_static
      Resolving module ict105_comparator_sel
      Resolving module ict105_axic_fifo
      Resolving module ict105_arbiter_resp
      Resolving module ict105_axic_reg_srl_fifo
      Resolving module ict105_comparator_static
      Resolving module ict105_ndeep_srl
      Resolving module ict105_carry_latch_or
      Resolving module ict105_nto1_mux
Analyzing Verilog file "axi4_0_wrapper.v" into library work
      Resolving module axi_interconnect
      Resolving module ict105_register_slice_bank
      Resolving module ict105_protocol_conv_bank
      Resolving module ict105_converter_bank
      Resolving module ict105_data_fifo_bank
      Resolving module ict105_axi_crossbar
      Resolving module ict105_axi_register_slice
      Resolving module ict105_axi_protocol_converter
      Resolving module ict105_axi_upsizer
      Resolving module ict105_axi_clock_converter
      Resolving module ict105_axi_downsizer
      Resolving module ict105_axi_data_fifo
      Resolving module ict105_crossbar
      Resolving module ict105_crossbar_sasd
      Resolving module ict105_axic_register_slice
      Resolving module ict105_axilite_conv
      Resolving module ict105_axi3_conv
      Resolving module ict105_a_upsizer
      Resolving module ict105_w_upsizer
      Resolving module ict105_r_upsizer
      Resolving module ict105_fifo_gen
      Resolving module ict105_clock_sync_accel
      Resolving module ict105_clock_sync_decel
      Resolving module ict105_a_downsizer
      Resolving module ict105_w_downsizer
      Resolving module ict105_b_downsizer
      Resolving module ict105_r_downsizer
      Resolving module fifo_generator_v8_4
      Resolving module ict105_si_transactor
      Resolving module ict105_splitter
      Resolving module ict105_wdata_router
      Resolving module ict105_addr_decoder
      Resolving module ict105_wdata_mux
      Resolving module ict105_axic_srl_fifo
      Resolving module ict105_addr_arbiter
      Resolving module ict105_decerr_slave
      Resolving module ict105_addr_arbiter_sasd
      Resolving module ict105_mux_enc
      Resolving module ict105_a_axi3_conv
      Resolving module ict105_w_axi3_conv
      Resolving module ict105_r_axi3_conv
      Resolving module ict105_carry_latch_and
      Resolving module ict105_carry_and
      Resolving module ict105_comparator
      Resolving module ict105_carry_or
      Resolving module ict105_command_fifo
      Resolving module ict105_comparator_sel_static
      Resolving module ict105_comparator_sel
      Resolving module ict105_axic_fifo
      Resolving module ict105_arbiter_resp
      Resolving module ict105_axic_reg_srl_fifo
      Resolving module ict105_comparator_static
      Resolving module ict105_ndeep_srl
      Resolving module ict105_carry_latch_or
      Resolving module ict105_nto1_mux
Parsing VHDL file "rs232_uart_1_wrapper.vhd" into library work
Analyzing Verilog file "mcb_ddr2_wrapper.v" into library work
      Resolving module axi_s6_ddrx
      Resolving module mcb_ui_top_synch
      Resolving module mcb_ui_top
      Resolving module mcb_raw_wrapper
      Resolving module axi_mcb
      Resolving module mcb_soft_calibration_top
      Resolving module axi_mcb_axi_register_slice
      Resolving module axi_mcb_axi_upsizer
      Resolving module axi_mcb_aw_channel
      Resolving module axi_mcb_w_channel
      Resolving module axi_mcb_b_channel
      Resolving module axi_mcb_ar_channel
      Resolving module axi_mcb_r_channel
      Resolving module axi_mcb_cmd_arbiter
      Resolving module axi_mcb_axic_register_slice
      Resolving module mcb_soft_calibration
      Resolving module axi_mcb_a_upsizer
      Resolving module axi_mcb_w_upsizer
      Resolving module axi_mcb_r_upsizer
      Resolving module axi_mcb_cmd_translator
      Resolving module axi_mcb_cmd_fsm
      Resolving module axi_mcb_simple_fifo
      Resolving module iodrp_controller
      Resolving module iodrp_mcb_controller
      Resolving module axi_mcb_carry_latch_and
      Resolving module axi_mcb_carry_and
      Resolving module axi_mcb_comparator
      Resolving module axi_mcb_carry_or
      Resolving module axi_mcb_command_fifo
      Resolving module axi_mcb_comparator_sel_static
      Resolving module axi_mcb_comparator_sel
      Resolving module axi_mcb_incr_cmd
      Resolving module axi_mcb_wrap_cmd
      Resolving module axi_mcb_carry_latch_or
Parsing VHDL file "digilent_quadspi_cntlr_wrapper.vhd" into library work
Parsing VHDL file "axi_intc_0_wrapper.vhd" into library work
Parsing VHDL file "axi_timer_0_wrapper.vhd" into library work
Parsing VHDL file "fit_timer_0_wrapper.vhd" into library work
Parsing VHDL file "pit_0_wrapper.vhd" into library work
Parsing VHDL file "axi_uartlite_0_wrapper.vhd" into library work
Parsing VHDL file "dma_ctrl_0_wrapper.vhd" into library work
Parsing VHDL file "slide_swtiches_8bits_wrapper.vhd" into library work
Parsing VHDL file "system.vhd" into library work
Parsing VHDL file "system_tb.vhd" into library work
Analyzing Verilog file "C:/Xilinx/13.4/ISE_DS/ISE/verilog/src/glbl.v" into library work
Starting static elaboration
WARNING:HDLCompiler:746 - "C:/Xilinx/13.4/ISE_DS/EDK/hw/XilinxProcessorIPLib/pcores/microblaze_v8_20_b/hdl/vhdl/debug.vhd" Line 1802: Range is empty (null range)
WARNING:HDLCompiler:1242 - "N:/O.87xd/rtf/vhdl/src/ieee/numeric_std.vhd" Line 3240: Warning: "NUMERIC_STD.TO_UNSIGNED: vector truncated"
ERROR:HDLCompiler:874 - "slide_swtiches_8bits_wrapper.vhd" Line 55: Value 8 is out of target constraint range 0 to 1
ERROR:Simulator:777 - Static elaboration of top level VHDL design unit system_tb in library work failed
