
Release 13.4 - Simulation Model Generator Xilinx EDK 13.4 Build EDK_O.87xd
 (nt64)
Copyright (c) 1995-2011 Xilinx, Inc.  All rights reserved.

Command Line: simgen -p xc6slx45csg324-3 -lang vhdl -intstyle default -lp
C:/EE427/Atlys_BSB_Support_v_3_4/Atlys_AXI_BSB_Support/lib/ -pe microblaze_0
bootloops/microblaze_0.elf -msg __xps/ise/xmsgprops.lst -s isim -tb -m
behavioral system.mhs 

MHS file              : C:\parkerbros\space-invaders\hw\system.mhs
Language (-lang)      : VHDL 
Flow (-flow)      : ISE 
Simulation Model (-m) : Behavioral
Simulator (-s)        : ISE Simulator (ISIM)
Part (-p) [ family ]  : xc6slx45csg324-3 [ spartan6 ]
External memory simulation (-external_mem_sim) : FALSE 

Output directory (-od): C:\parkerbros\space-invaders\hw\

Library Path (-lp): C:\EE427\Atlys_BSB_Support_v_3_4\Atlys_AXI_BSB_Support\lib\


Simulation Model Generator started ...

Reading MHS file ...
lp : C:\EE427\Atlys_BSB_Support_v_3_4\Atlys_AXI_BSB_Support\lib\

Reading MPD definitions ...

Overriding IP level properties ...
INFO:EDK:4130 - IPNAME: microblaze, INSTANCE:microblaze_0 - tcl is overriding
   PARAMETER C_ENDIANNESS value to 1 -
   C:\Xilinx\13.4\ISE_DS\EDK\hw\XilinxProcessorIPLib\pcores\microblaze_v8_20_b\d
   ata\microblaze_v2_1_0.mpd line 195 
INFO:EDK:4130 - IPNAME: microblaze, INSTANCE:microblaze_0 - tcl is overriding
   PARAMETER C_ICACHE_USE_FSL value to 0 -
   C:\Xilinx\13.4\ISE_DS\EDK\hw\XilinxProcessorIPLib\pcores\microblaze_v8_20_b\d
   ata\microblaze_v2_1_0.mpd line 334 
INFO:EDK:4130 - IPNAME: microblaze, INSTANCE:microblaze_0 - tcl is overriding
   PARAMETER C_DCACHE_USE_FSL value to 0 -
   C:\Xilinx\13.4\ISE_DS\EDK\hw\XilinxProcessorIPLib\pcores\microblaze_v8_20_b\d
   ata\microblaze_v2_1_0.mpd line 364 
INFO:EDK:4130 - IPNAME: axi_vdma, INSTANCE:axi_vdma_0 - tcl is overriding
   PARAMETER C_INTERCONNECT_M_AXI_MM2S_READ_FIFO_DEPTH value to 512 -
   C:\Xilinx\13.4\ISE_DS\EDK\hw\XilinxProcessorIPLib\pcores\axi_vdma_v5_00_a\dat
   a\axi_vdma_v2_1_0.mpd line 138 
INFO:EDK:4130 - IPNAME: axi_vdma, INSTANCE:axi_vdma_0 - tcl is overriding
   PARAMETER C_INTERCONNECT_M_AXI_S2MM_WRITE_FIFO_DEPTH value to 512 -
   C:\Xilinx\13.4\ISE_DS\EDK\hw\XilinxProcessorIPLib\pcores\axi_vdma_v5_00_a\dat
   a\axi_vdma_v2_1_0.mpd line 146 
INFO:EDK:4130 - IPNAME: axi_interconnect, INSTANCE:axi4lite_0 - tcl is
   overriding PARAMETER C_BASEFAMILY value to spartan6 -
   C:\Xilinx\13.4\ISE_DS\EDK\hw\XilinxProcessorIPLib\pcores\axi_interconnect_v1_
   05_a\data\axi_interconnect_v2_1_0.mpd line 78 
INFO:EDK:4130 - IPNAME: axi_interconnect, INSTANCE:axi4_0 - tcl is overriding
   PARAMETER C_BASEFAMILY value to spartan6 -
   C:\Xilinx\13.4\ISE_DS\EDK\hw\XilinxProcessorIPLib\pcores\axi_interconnect_v1_
   05_a\data\axi_interconnect_v2_1_0.mpd line 78 
INFO:EDK:4130 - IPNAME: axi_s6_ddrx, INSTANCE:MCB_DDR2 - tcl is overriding
   PARAMETER C_SYS_RST_PRESENT value to 1 -
   C:\Xilinx\13.4\ISE_DS\EDK\hw\XilinxProcessorIPLib\pcores\axi_s6_ddrx_v1_05_a\
   data\axi_s6_ddrx_v2_1_0.mpd line 237 
INFO:EDK:4130 - IPNAME: axi_intc, INSTANCE:axi_intc_0 - tcl is overriding
   PARAMETER C_NUM_INTR_INPUTS value to 8 -
   C:\Xilinx\13.4\ISE_DS\EDK\hw\XilinxProcessorIPLib\pcores\axi_intc_v1_01_a\dat
   a\axi_intc_v2_1_0.mpd line 80 

Computing clock values...
INFO:EDK:1432 - Frequency for Top-Level Input Clock 'axi4lite_0_M_AXI_ACLK_pin'
   is not specified. Clock DRCs will not be performed for IPs connected to that
   clock port, unless they are connected through the clock generator IP. 

INFO:EDK:740 - Cannot determine the input clock associated with port :
   microblaze_0_i_bram_ctrl:BRAM_Clk_A. Clock DRCs will not be performed on this
   core and cores connected to it. 
INFO:EDK:740 - Cannot determine the input clock associated with port :
   microblaze_0_d_bram_ctrl:BRAM_Clk_A. Clock DRCs will not be performed on this
   core and cores connected to it. 
INFO:EDK:740 - Cannot determine the input clock associated with port :
   axi_hdmi_0:S_AXIS_MM2S_ACLK. Clock DRCs will not be performed on this core
   and cores connected to it. 

Performing IP level DRCs on properties...

Running DRC Tcl procedures for OPTION IPLEVEL_DRC_PROC...
Address Map for Processor microblaze_0
  (0000000000-0x00007fff) microblaze_0_d_bram_ctrl	microblaze_0_dlmb
  (0000000000-0x00007fff) microblaze_0_i_bram_ctrl	microblaze_0_ilmb
  (0x40000000-0x4000ffff) Push_Buttons_5Bits	axi4lite_0
  (0x40040000-0x4004ffff) slide_swtiches_8bits	axi4lite_0
  (0x40600000-0x4060ffff) RS232_Uart_1	axi4lite_0
  (0x40640000-0x4064ffff) axi_uartlite_0	axi4lite_0
  (0x41200000-0x4120ffff) axi_intc_0	axi4lite_0
  (0x41400000-0x4140ffff) debug_module	axi4lite_0
  (0x41c00000-0x41c0ffff) axi_timer_0	axi4lite_0
  (0x7ac00000-0x7ac0ffff) dma_ctrl_0	axi4lite_0
  (0x7bc00000-0x7bc0ffff) pit_0	axi4lite_0
  (0x7e200000-0x7e20ffff) axi_vdma_0	axi4lite_0
  (0x7e220000-0x7e22ffff) axi_hdmi_0	axi4lite_0
  (0x7e240000-0x7e24ffff) axi_ac97_0	axi4lite_0
  (0x7e400000-0x7e40ffff) Digilent_QuadSPI_Cntlr	axi4lite_0
  (0xc0000000-0xc7ffffff) MCB_DDR2	axi4_0
INFO:EDK:4130 - IPNAME: lmb_v10, INSTANCE:microblaze_0_ilmb - tool is overriding
   PARAMETER C_LMB_NUM_SLAVES value to 1 -
   C:\Xilinx\13.4\ISE_DS\EDK\hw\XilinxProcessorIPLib\pcores\lmb_v10_v2_00_b\data
   \lmb_v10_v2_1_0.mpd line 80 
INFO:EDK:4130 - IPNAME: lmb_v10, INSTANCE:microblaze_0_dlmb - tool is overriding
   PARAMETER C_LMB_NUM_SLAVES value to 1 -
   C:\Xilinx\13.4\ISE_DS\EDK\hw\XilinxProcessorIPLib\pcores\lmb_v10_v2_00_b\data
   \lmb_v10_v2_1_0.mpd line 80 
INFO:EDK:4130 - IPNAME: bram_block, INSTANCE:microblaze_0_bram_block - tool is
   overriding PARAMETER C_MEMSIZE value to 0x8000 -
   C:\Xilinx\13.4\ISE_DS\EDK\hw\XilinxProcessorIPLib\pcores\bram_block_v1_00_a\d
   ata\bram_block_v2_1_0.mpd line 76 

Checking platform address map ...

Checking platform configuration ...
IPNAME: lmb_v10, INSTANCE: microblaze_0_ilmb - 1 master(s) : 1 slave(s) 
IPNAME: lmb_v10, INSTANCE: microblaze_0_dlmb - 1 master(s) : 1 slave(s) 
IPNAME: axi_interconnect, INSTANCE: axi4lite_0 - 1 master(s) : 13 slave(s) 
IPNAME: axi_interconnect, INSTANCE: axi4_0 - 4 master(s) : 1 slave(s) 
WARNING:EDK:3977 - AXI4 protocol type BUSIF: S0_AXI of IPINSTANCE: MCB_DDR2 
   connected with AXI4LITE type BUSIF: M_AXI of IPINSTANCE: dma_ctrl_0.

Checking port drivers...
WARNING:EDK:4180 - PORT: bscan_tdo1, CONNECTOR: bscan_tdo1 - No driver found.
   Port will be driven to GND -
   C:\Xilinx\13.4\ISE_DS\EDK\hw\XilinxProcessorIPLib\pcores\mdm_v2_00_b\data\mdm
   _v2_1_0.mpd line 239 
WARNING:EDK:4181 - PORT: axi4lite_0_M_AXI_ACLK_pin, CONNECTOR: axi4lite_0_M_ACLK
   - floating connection - C:\parkerbros\space-invaders\hw\system.mhs line 39 
WARNING:EDK:4181 - PORT: bscan_tdi, CONNECTOR: bscan_tdi - floating connection -
   C:\Xilinx\13.4\ISE_DS\EDK\hw\XilinxProcessorIPLib\pcores\mdm_v2_00_b\data\mdm
   _v2_1_0.mpd line 232 
WARNING:EDK:4181 - PORT: bscan_reset, CONNECTOR: bscan_reset - floating
   connection -
   C:\Xilinx\13.4\ISE_DS\EDK\hw\XilinxProcessorIPLib\pcores\mdm_v2_00_b\data\mdm
   _v2_1_0.mpd line 233 
WARNING:EDK:4181 - PORT: bscan_shift, CONNECTOR: bscan_shift - floating
   connection -
   C:\Xilinx\13.4\ISE_DS\EDK\hw\XilinxProcessorIPLib\pcores\mdm_v2_00_b\data\mdm
   _v2_1_0.mpd line 234 
WARNING:EDK:4181 - PORT: bscan_update, CONNECTOR: bscan_update - floating
   connection -
   C:\Xilinx\13.4\ISE_DS\EDK\hw\XilinxProcessorIPLib\pcores\mdm_v2_00_b\data\mdm
   _v2_1_0.mpd line 235 
WARNING:EDK:4181 - PORT: bscan_capture, CONNECTOR: bscan_capture - floating
   connection -
   C:\Xilinx\13.4\ISE_DS\EDK\hw\XilinxProcessorIPLib\pcores\mdm_v2_00_b\data\mdm
   _v2_1_0.mpd line 236 
WARNING:EDK:4181 - PORT: bscan_sel1, CONNECTOR: bscan_sel1 - floating connection
   -
   C:\Xilinx\13.4\ISE_DS\EDK\hw\XilinxProcessorIPLib\pcores\mdm_v2_00_b\data\mdm
   _v2_1_0.mpd line 237 
WARNING:EDK:4181 - PORT: bscan_drck1, CONNECTOR: bscan_drck1 - floating
   connection -
   C:\Xilinx\13.4\ISE_DS\EDK\hw\XilinxProcessorIPLib\pcores\mdm_v2_00_b\data\mdm
   _v2_1_0.mpd line 238 
WARNING:EDK:4181 - PORT: mm2s_prmry_reset_out_n, CONNECTOR: MM2S_RESET_OUT_N -
   floating connection -
   C:\Xilinx\13.4\ISE_DS\EDK\hw\XilinxProcessorIPLib\pcores\axi_vdma_v5_00_a\dat
   a\axi_vdma_v2_1_0.mpd line 201 
WARNING:EDK:4181 - PORT: m_axis_mm2s_tuser, CONNECTOR:
   axi_vdma_0_M_AXIS_MM2S_TUSER - floating connection -
   C:\Xilinx\13.4\ISE_DS\EDK\hw\XilinxProcessorIPLib\pcores\axi_vdma_v5_00_a\dat
   a\axi_vdma_v2_1_0.mpd line 207 
WARNING:EDK:4181 - PORT: s2mm_prmry_reset_out_n, CONNECTOR: S2MM_RESET_OUT_N -
   floating connection -
   C:\Xilinx\13.4\ISE_DS\EDK\hw\XilinxProcessorIPLib\pcores\axi_vdma_v5_00_a\dat
   a\axi_vdma_v2_1_0.mpd line 224 
WARNING:EDK:4181 - PORT: M_AXIS_S2MM_ACLK, CONNECTOR: M_AXIS_S2MM_ACLK_int -
   floating connection - C:\parkerbros\space-invaders\hw\system.mhs line 250 

Performing Clock DRCs...

Performing Reset DRCs...

Overriding system level properties...
INFO:EDK:4130 - IPNAME: lmb_bram_if_cntlr, INSTANCE:microblaze_0_i_bram_ctrl -
   tcl is overriding PARAMETER C_MASK value to 0x40000000 -
   C:\Xilinx\13.4\ISE_DS\EDK\hw\XilinxProcessorIPLib\pcores\lmb_bram_if_cntlr_v3
   _00_b\data\lmb_bram_if_cntlr_v2_1_0.mpd line 87 
INFO:EDK:4130 - IPNAME: lmb_bram_if_cntlr, INSTANCE:microblaze_0_d_bram_ctrl -
   tcl is overriding PARAMETER C_MASK value to 0x40000000 -
   C:\Xilinx\13.4\ISE_DS\EDK\hw\XilinxProcessorIPLib\pcores\lmb_bram_if_cntlr_v3
   _00_b\data\lmb_bram_if_cntlr_v2_1_0.mpd line 87 
INFO:EDK:4130 - IPNAME: microblaze, INSTANCE:microblaze_0 - tcl is overriding
   PARAMETER C_D_AXI value to 1 -
   C:\Xilinx\13.4\ISE_DS\EDK\hw\XilinxProcessorIPLib\pcores\microblaze_v8_20_b\d
   ata\microblaze_v2_1_0.mpd line 228 
INFO:EDK:4130 - IPNAME: microblaze, INSTANCE:microblaze_0 - tcl is overriding
   PARAMETER C_ADDR_TAG_BITS value to 14 -
   C:\Xilinx\13.4\ISE_DS\EDK\hw\XilinxProcessorIPLib\pcores\microblaze_v8_20_b\d
   ata\microblaze_v2_1_0.mpd line 332 
INFO:EDK:4130 - IPNAME: microblaze, INSTANCE:microblaze_0 - tcl is overriding
   PARAMETER C_DCACHE_ADDR_TAG value to 14 -
   C:\Xilinx\13.4\ISE_DS\EDK\hw\XilinxProcessorIPLib\pcores\microblaze_v8_20_b\d
   ata\microblaze_v2_1_0.mpd line 362 
INFO:EDK:4130 - IPNAME: microblaze, INSTANCE:microblaze_0 - tcl is overriding
   PARAMETER C_USE_INTERRUPT value to 1 -
   C:\Xilinx\13.4\ISE_DS\EDK\hw\XilinxProcessorIPLib\pcores\microblaze_v8_20_b\d
   ata\microblaze_v2_1_0.mpd line 396 
INFO:EDK:4130 - IPNAME: microblaze, INSTANCE:microblaze_0 - tcl is overriding
   PARAMETER C_USE_EXT_BRK value to 1 -
   C:\Xilinx\13.4\ISE_DS\EDK\hw\XilinxProcessorIPLib\pcores\microblaze_v8_20_b\d
   ata\microblaze_v2_1_0.mpd line 397 
INFO:EDK:4130 - IPNAME: microblaze, INSTANCE:microblaze_0 - tcl is overriding
   PARAMETER C_USE_EXT_NM_BRK value to 1 -
   C:\Xilinx\13.4\ISE_DS\EDK\hw\XilinxProcessorIPLib\pcores\microblaze_v8_20_b\d
   ata\microblaze_v2_1_0.mpd line 398 

INFO: Setting C_RANGE_CHECK = ON for axi_interconnect axi4lite_0.
INFO:EDK:4130 - IPNAME: axi_interconnect, INSTANCE:axi4lite_0 - tcl is
   overriding PARAMETER C_RANGE_CHECK value to 1 -
   C:\Xilinx\13.4\ISE_DS\EDK\hw\XilinxProcessorIPLib\pcores\axi_interconnect_v1_
   05_a\data\axi_interconnect_v2_1_0.mpd line 146 

INFO: Setting C_RANGE_CHECK = OFF for axi_interconnect axi4_0; no DECERR
checking will be performed.
INFO:EDK:4130 - IPNAME: axi_interconnect, INSTANCE:axi4_0 - tcl is overriding
   PARAMETER C_RANGE_CHECK value to 0 -
   C:\Xilinx\13.4\ISE_DS\EDK\hw\XilinxProcessorIPLib\pcores\axi_interconnect_v1_
   05_a\data\axi_interconnect_v2_1_0.mpd line 146 
INFO:EDK:4130 - IPNAME: axi_s6_ddrx, INSTANCE:MCB_DDR2 - tcl is overriding
   PARAMETER C_MEMCLK_PERIOD value to 3333 -
   C:\Xilinx\13.4\ISE_DS\EDK\hw\XilinxProcessorIPLib\pcores\axi_s6_ddrx_v1_05_a\
   data\axi_s6_ddrx_v2_1_0.mpd line 119 
INFO:EDK:4130 - IPNAME: axi_s6_ddrx, INSTANCE:MCB_DDR2 - tcl is overriding
   PARAMETER C_S1_AXI_REG_EN0 value to 0x0000F -
   C:\Xilinx\13.4\ISE_DS\EDK\hw\XilinxProcessorIPLib\pcores\axi_s6_ddrx_v1_05_a\
   data\axi_s6_ddrx_v2_1_0.mpd line 174 
INFO:EDK:4130 - IPNAME: axi_s6_ddrx, INSTANCE:MCB_DDR2 - tcl is overriding
   PARAMETER C_S2_AXI_REG_EN0 value to 0x0000F -
   C:\Xilinx\13.4\ISE_DS\EDK\hw\XilinxProcessorIPLib\pcores\axi_s6_ddrx_v1_05_a\
   data\axi_s6_ddrx_v2_1_0.mpd line 188 
INFO:EDK:4130 - IPNAME: axi_s6_ddrx, INSTANCE:MCB_DDR2 - tcl is overriding
   PARAMETER C_S3_AXI_REG_EN0 value to 0x0000F -
   C:\Xilinx\13.4\ISE_DS\EDK\hw\XilinxProcessorIPLib\pcores\axi_s6_ddrx_v1_05_a\
   data\axi_s6_ddrx_v2_1_0.mpd line 202 
INFO:EDK:4130 - IPNAME: axi_s6_ddrx, INSTANCE:MCB_DDR2 - tcl is overriding
   PARAMETER C_S4_AXI_REG_EN0 value to 0x0000F -
   C:\Xilinx\13.4\ISE_DS\EDK\hw\XilinxProcessorIPLib\pcores\axi_s6_ddrx_v1_05_a\
   data\axi_s6_ddrx_v2_1_0.mpd line 216 
INFO:EDK:4130 - IPNAME: axi_s6_ddrx, INSTANCE:MCB_DDR2 - tcl is overriding
   PARAMETER C_S5_AXI_REG_EN0 value to 0x0000F -
   C:\Xilinx\13.4\ISE_DS\EDK\hw\XilinxProcessorIPLib\pcores\axi_s6_ddrx_v1_05_a\
   data\axi_s6_ddrx_v2_1_0.mpd line 230 
INFO:EDK:4130 - IPNAME: axi_intc, INSTANCE:axi_intc_0 - tcl is overriding
   PARAMETER C_KIND_OF_INTR value to 0b11111111111111111111111110010100 -
   C:\Xilinx\13.4\ISE_DS\EDK\hw\XilinxProcessorIPLib\pcores\axi_intc_v1_01_a\dat
   a\axi_intc_v2_1_0.mpd line 81 
INFO:EDK:4130 - IPNAME: axi_intc, INSTANCE:axi_intc_0 - tcl is overriding
   PARAMETER C_KIND_OF_EDGE value to 0b11111111111111111111111111111111 -
   C:\Xilinx\13.4\ISE_DS\EDK\hw\XilinxProcessorIPLib\pcores\axi_intc_v1_01_a\dat
   a\axi_intc_v2_1_0.mpd line 82 
INFO:EDK:4130 - IPNAME: axi_intc, INSTANCE:axi_intc_0 - tcl is overriding
   PARAMETER C_KIND_OF_LVL value to 0b11111111111111111111111111111111 -
   C:\Xilinx\13.4\ISE_DS\EDK\hw\XilinxProcessorIPLib\pcores\axi_intc_v1_01_a\dat
   a\axi_intc_v2_1_0.mpd line 83 

Running system level update procedures...

Running UPDATE Tcl procedures for OPTION SYSLEVEL_UPDATE_PROC...
Invoking MIG ...
MIG returned 0

Running system level DRCs...

Performing System level DRCs on properties...

Running DRC Tcl procedures for OPTION SYSLEVEL_DRC_PROC...

Running UPDATE Tcl procedures for OPTION SIMGEN_SYSLEVEL_UPDATE_PROC...

Elaborating instances ...
IPNAME:bram_block INSTANCE:microblaze_0_bram_block -
C:\parkerbros\space-invaders\hw\system.mhs line 115 - elaborating IP
IPNAME:clock_generator INSTANCE:clock_generator_0 -
C:\parkerbros\space-invaders\hw\system.mhs line 163 - elaborating IP
ClkGen elaborate status: PASSED
----------------------------------------

Generating simulation files ...

Writing HDL for elaborated instances ...

Inserting wrapper level ...

Constructing platform-level signal connectivity ...

Writing HDL ...

Writing BMM ...

Writing memory initialization files ...

Generating Memory Initialization Files ...

Overriding IP level properties ...
INFO:EDK:4130 - IPNAME: microblaze, INSTANCE:microblaze_0 - tcl is overriding
   PARAMETER C_ENDIANNESS value to 1 -
   C:\Xilinx\13.4\ISE_DS\EDK\hw\XilinxProcessorIPLib\pcores\microblaze_v8_20_b\d
   ata\microblaze_v2_1_0.mpd line 195 
INFO:EDK:4130 - IPNAME: microblaze, INSTANCE:microblaze_0 - tcl is overriding
   PARAMETER C_ICACHE_USE_FSL value to 0 -
   C:\Xilinx\13.4\ISE_DS\EDK\hw\XilinxProcessorIPLib\pcores\microblaze_v8_20_b\d
   ata\microblaze_v2_1_0.mpd line 334 
INFO:EDK:4130 - IPNAME: microblaze, INSTANCE:microblaze_0 - tcl is overriding
   PARAMETER C_DCACHE_USE_FSL value to 0 -
   C:\Xilinx\13.4\ISE_DS\EDK\hw\XilinxProcessorIPLib\pcores\microblaze_v8_20_b\d
   ata\microblaze_v2_1_0.mpd line 364 
INFO:EDK:4130 - IPNAME: axi_vdma, INSTANCE:axi_vdma_0 - tcl is overriding
   PARAMETER C_INTERCONNECT_M_AXI_MM2S_READ_FIFO_DEPTH value to 512 -
   C:\Xilinx\13.4\ISE_DS\EDK\hw\XilinxProcessorIPLib\pcores\axi_vdma_v5_00_a\dat
   a\axi_vdma_v2_1_0.mpd line 138 
INFO:EDK:4130 - IPNAME: axi_vdma, INSTANCE:axi_vdma_0 - tcl is overriding
   PARAMETER C_INTERCONNECT_M_AXI_S2MM_WRITE_FIFO_DEPTH value to 512 -
   C:\Xilinx\13.4\ISE_DS\EDK\hw\XilinxProcessorIPLib\pcores\axi_vdma_v5_00_a\dat
   a\axi_vdma_v2_1_0.mpd line 146 
INFO:EDK:4130 - IPNAME: axi_interconnect, INSTANCE:axi4lite_0 - tcl is
   overriding PARAMETER C_BASEFAMILY value to spartan6 -
   C:\Xilinx\13.4\ISE_DS\EDK\hw\XilinxProcessorIPLib\pcores\axi_interconnect_v1_
   05_a\data\axi_interconnect_v2_1_0.mpd line 78 
INFO:EDK:4130 - IPNAME: axi_interconnect, INSTANCE:axi4_0 - tcl is overriding
   PARAMETER C_BASEFAMILY value to spartan6 -
   C:\Xilinx\13.4\ISE_DS\EDK\hw\XilinxProcessorIPLib\pcores\axi_interconnect_v1_
   05_a\data\axi_interconnect_v2_1_0.mpd line 78 
INFO:EDK:4130 - IPNAME: axi_s6_ddrx, INSTANCE:MCB_DDR2 - tcl is overriding
   PARAMETER C_SYS_RST_PRESENT value to 1 -
   C:\Xilinx\13.4\ISE_DS\EDK\hw\XilinxProcessorIPLib\pcores\axi_s6_ddrx_v1_05_a\
   data\axi_s6_ddrx_v2_1_0.mpd line 237 
INFO:EDK:4130 - IPNAME: axi_intc, INSTANCE:axi_intc_0 - tcl is overriding
   PARAMETER C_NUM_INTR_INPUTS value to 8 -
   C:\Xilinx\13.4\ISE_DS\EDK\hw\XilinxProcessorIPLib\pcores\axi_intc_v1_01_a\dat
   a\axi_intc_v2_1_0.mpd line 80 

Computing clock values...
INFO:EDK:1432 - Frequency for Top-Level Input Clock 'axi4lite_0_M_AXI_ACLK_pin'
   is not specified. Clock DRCs will not be performed for IPs connected to that
   clock port, unless they are connected through the clock generator IP. 

INFO:EDK:740 - Cannot determine the input clock associated with port :
   microblaze_0_i_bram_ctrl:BRAM_Clk_A. Clock DRCs will not be performed on this
   core and cores connected to it. 
INFO:EDK:740 - Cannot determine the input clock associated with port :
   microblaze_0_d_bram_ctrl:BRAM_Clk_A. Clock DRCs will not be performed on this
   core and cores connected to it. 
INFO:EDK:740 - Cannot determine the input clock associated with port :
   axi_hdmi_0:S_AXIS_MM2S_ACLK. Clock DRCs will not be performed on this core
   and cores connected to it. 
Address Map for Processor microblaze_0
  (0000000000-0x00007fff) microblaze_0_d_bram_ctrl	microblaze_0_dlmb
  (0000000000-0x00007fff) microblaze_0_i_bram_ctrl	microblaze_0_ilmb
  (0x40000000-0x4000ffff) Push_Buttons_5Bits	axi4lite_0
  (0x40040000-0x4004ffff) slide_swtiches_8bits	axi4lite_0
  (0x40600000-0x4060ffff) RS232_Uart_1	axi4lite_0
  (0x40640000-0x4064ffff) axi_uartlite_0	axi4lite_0
  (0x41200000-0x4120ffff) axi_intc_0	axi4lite_0
  (0x41400000-0x4140ffff) debug_module	axi4lite_0
  (0x41c00000-0x41c0ffff) axi_timer_0	axi4lite_0
  (0x7ac00000-0x7ac0ffff) dma_ctrl_0	axi4lite_0
  (0x7bc00000-0x7bc0ffff) pit_0	axi4lite_0
  (0x7e200000-0x7e20ffff) axi_vdma_0	axi4lite_0
  (0x7e220000-0x7e22ffff) axi_hdmi_0	axi4lite_0
  (0x7e240000-0x7e24ffff) axi_ac97_0	axi4lite_0
  (0x7e400000-0x7e40ffff) Digilent_QuadSPI_Cntlr	axi4lite_0
  (0xc0000000-0xc7ffffff) MCB_DDR2	axi4_0
INFO:EDK:4130 - IPNAME: lmb_v10, INSTANCE:microblaze_0_ilmb - tool is overriding
   PARAMETER C_LMB_NUM_SLAVES value to 1 -
   C:\Xilinx\13.4\ISE_DS\EDK\hw\XilinxProcessorIPLib\pcores\lmb_v10_v2_00_b\data
   \lmb_v10_v2_1_0.mpd line 80 
INFO:EDK:4130 - IPNAME: lmb_v10, INSTANCE:microblaze_0_dlmb - tool is overriding
   PARAMETER C_LMB_NUM_SLAVES value to 1 -
   C:\Xilinx\13.4\ISE_DS\EDK\hw\XilinxProcessorIPLib\pcores\lmb_v10_v2_00_b\data
   \lmb_v10_v2_1_0.mpd line 80 
INFO:EDK:4130 - IPNAME: bram_block, INSTANCE:microblaze_0_bram_block - tool is
   overriding PARAMETER C_MEMSIZE value to 0x8000 -
   C:\Xilinx\13.4\ISE_DS\EDK\hw\XilinxProcessorIPLib\pcores\bram_block_v1_00_a\d
   ata\bram_block_v2_1_0.mpd line 76 

Checking platform address map ...
Running Data2Mem with the following command:
data2mem -bm "system_sim.bmm"  -bd
"C:\parkerbros\space-invaders\hw\bootloops\microblaze_0.elf" tag microblaze_0 
-bx C:\parkerbros\space-invaders\hw\simulation\behavioral -u   -p
xc6slx45csg324-3 

Generating simulator compile script ...

Generating simulator helper scripts ...
Simulation Model Generator done!

