Xilinx Platform Studio (XPS)
Xilinx EDK 13.4 Build EDK_O.87xd
Copyright (c) 1995-2011 Xilinx, Inc.  All rights reserved.


********************************************************************************
At Local date and time: Tue Nov 03 23:04:02 2015
 make -f system.make exporttosdk started...
make: Nothing to be done for `exporttosdk'.
Done!

********************************************************************************
At Local date and time: Tue Nov 03 23:04:02 2015
 xsdk.exe -hwspec C:\parkerbros\space-invaders\previous_labs\lab02\SDK\SDK_Export\hw\system.xml started...
Xilinx Software Development Kit
Xilinx EDK 13.4 Build EDK_O.87xd
Copyright (c) 1995-2010 Xilinx, Inc.  All rights reserved.
Done!
Writing filter settings....
Done writing filter settings to:
	C:\parkerbros\space-invaders\previous_labs\lab02\etc\system.filters
Done writing Tab View settings to:
	C:\parkerbros\space-invaders\previous_labs\lab02\etc\system.gui
